[10:37:38 INF] SEM5_PI_WEBAPI.Domain.Shared.RequestLogsMiddleware      - ┌───────────────────────────────────────────────
[10:37:38 INF] SEM5_PI_WEBAPI.Domain.Shared.RequestLogsMiddleware      - │ HTTP GET /api/qualifications
[10:37:38 INF] SEM5_PI_WEBAPI.Domain.Shared.RequestLogsMiddleware      - │ From IP: 127.0.0.1
[10:37:38 INF] SEM5_PI_WEBAPI.Domain.Shared.RequestLogsMiddleware      - └───────────────────────────────────────────────
[19:15:27 INF] SEM5_PI_WEBAPI.Domain.Shared.RequestLogsMiddleware      - ┌───────────────────────────────────────────────
[19:15:27 INF] SEM5_PI_WEBAPI.Domain.Shared.RequestLogsMiddleware      - │ HTTP GET /api/VesselType
[19:15:27 INF] SEM5_PI_WEBAPI.Domain.Shared.RequestLogsMiddleware      - │ From IP: 127.0.0.1
[19:15:27 INF] SEM5_PI_WEBAPI.Domain.Shared.RequestLogsMiddleware      - └───────────────────────────────────────────────
[19:15:27 INF] SEM5_PI_WEBAPI.Controllers.VesselTypeController         - API Request: Get All Vessels Types on DataBase
[19:15:27 INF] SEM5_PI_WEBAPI.Domain.VesselsTypes.VesselTypeService    - Business Domain: Request to fetch all Vessel Types.
[19:19:25 INF] SEM5_PI_WEBAPI.Domain.Shared.RequestLogsMiddleware      - ┌───────────────────────────────────────────────
[19:19:25 INF] SEM5_PI_WEBAPI.Domain.Shared.RequestLogsMiddleware      - │ HTTP GET /api/VesselType
[19:19:25 INF] SEM5_PI_WEBAPI.Domain.Shared.RequestLogsMiddleware      - │ From IP: 127.0.0.1
[19:19:25 INF] SEM5_PI_WEBAPI.Domain.Shared.RequestLogsMiddleware      - └───────────────────────────────────────────────
[19:19:26 INF] SEM5_PI_WEBAPI.Controllers.VesselTypeController         - API Request: Get All Vessels Types on DataBase
[19:19:26 INF] SEM5_PI_WEBAPI.Domain.VesselsTypes.VesselTypeService    - Business Domain: Request to fetch all Vessel Types.
[19:19:26 WRN] SEM5_PI_WEBAPI.Domain.VesselsTypes.VesselTypeService    - Business Domain: No Vessel Types were found in database.
[19:19:26 INF] SEM5_PI_WEBAPI.Domain.VesselsTypes.VesselTypeService    - Business Domain: Returning [0] Vessel Types DTOs.
[19:19:26 WRN] SEM5_PI_WEBAPI.Controllers.VesselTypeController         - API Response (400): No Vessels found on DataBase
[19:19:26 INF] SEM5_PI_WEBAPI.Domain.Shared.RequestLogsMiddleware      - ──────│ ✔ COMPLETED GET /api/VesselType with 200 in 796.253 ms
[19:37:21 INF] SEM5_PI_WEBAPI.Domain.Shared.RequestLogsMiddleware      - ┌───────────────────────────────────────────────
[19:37:21 INF] SEM5_PI_WEBAPI.Domain.Shared.RequestLogsMiddleware      - │ HTTP GET /api/Container
[19:37:21 INF] SEM5_PI_WEBAPI.Domain.Shared.RequestLogsMiddleware      - │ From IP: 127.0.0.1
[19:37:21 INF] SEM5_PI_WEBAPI.Domain.Shared.RequestLogsMiddleware      - └───────────────────────────────────────────────
[19:37:22 INF] SEM5_PI_WEBAPI.Domain.Shared.RequestLogsMiddleware      - ──────│ ✔ COMPLETED GET /api/Container with 404 in 782.391 ms
