[10:02:42 INF] SEM5_PI_WEBAPI.Domain.Shared.RequestLogsMiddleware      - ┌───────────────────────────────────────────────
[10:02:42 INF] SEM5_PI_WEBAPI.Domain.Shared.RequestLogsMiddleware      - │ HTTP GET /api/qualifications
[10:02:42 INF] SEM5_PI_WEBAPI.Domain.Shared.RequestLogsMiddleware      - │ From IP: 127.0.0.1
[10:02:42 INF] SEM5_PI_WEBAPI.Domain.Shared.RequestLogsMiddleware      - └───────────────────────────────────────────────
[10:02:43 INF] SEM5_PI_WEBAPI.Domain.Shared.RequestLogsMiddleware      - ──────│ ✔ COMPLETED GET /api/qualifications with 200 in 1024.441 ms
[10:03:25 INF] SEM5_PI_WEBAPI.Domain.Shared.RequestLogsMiddleware      - ┌───────────────────────────────────────────────
[10:03:25 INF] SEM5_PI_WEBAPI.Domain.Shared.RequestLogsMiddleware      - │ HTTP POST /api/StaffMembers
[10:03:25 INF] SEM5_PI_WEBAPI.Domain.Shared.RequestLogsMiddleware      - │ From IP: 127.0.0.1
[10:03:25 INF] SEM5_PI_WEBAPI.Domain.Shared.RequestLogsMiddleware      - └───────────────────────────────────────────────
[10:03:25 INF] SEM5_PI_WEBAPI.Domain.Shared.RequestLogsMiddleware      - ──────│ ✔ COMPLETED POST /api/StaffMembers with 400 in 73.299 ms
[10:04:57 INF] SEM5_PI_WEBAPI.Domain.Shared.RequestLogsMiddleware      - ┌───────────────────────────────────────────────
[10:04:57 INF] SEM5_PI_WEBAPI.Domain.Shared.RequestLogsMiddleware      - │ HTTP POST /api/StaffMembers
[10:04:57 INF] SEM5_PI_WEBAPI.Domain.Shared.RequestLogsMiddleware      - │ From IP: 127.0.0.1
[10:04:57 INF] SEM5_PI_WEBAPI.Domain.Shared.RequestLogsMiddleware      - └───────────────────────────────────────────────
[10:04:57 INF] SEM5_PI_WEBAPI.Domain.Shared.RequestLogsMiddleware      - ──────│ ✔ COMPLETED POST /api/StaffMembers with 400 in 22.86 ms
[10:11:40 INF] SEM5_PI_WEBAPI.Domain.Shared.RequestLogsMiddleware      - ┌───────────────────────────────────────────────
[10:11:40 INF] SEM5_PI_WEBAPI.Domain.Shared.RequestLogsMiddleware      - │ HTTP POST /api/StaffMembers
[10:11:40 INF] SEM5_PI_WEBAPI.Domain.Shared.RequestLogsMiddleware      - │ From IP: 127.0.0.1
[10:11:40 INF] SEM5_PI_WEBAPI.Domain.Shared.RequestLogsMiddleware      - └───────────────────────────────────────────────
[10:11:41 INF] SEM5_PI_WEBAPI.Domain.Shared.RequestLogsMiddleware      - ──────│ ✔ COMPLETED POST /api/StaffMembers with 400 in 1134.756 ms
[10:12:08 INF] SEM5_PI_WEBAPI.Domain.Shared.RequestLogsMiddleware      - ┌───────────────────────────────────────────────
[10:12:08 INF] SEM5_PI_WEBAPI.Domain.Shared.RequestLogsMiddleware      - │ HTTP POST /api/StaffMembers
[10:12:08 INF] SEM5_PI_WEBAPI.Domain.Shared.RequestLogsMiddleware      - │ From IP: 127.0.0.1
[10:12:08 INF] SEM5_PI_WEBAPI.Domain.Shared.RequestLogsMiddleware      - └───────────────────────────────────────────────
[10:12:08 INF] SEM5_PI_WEBAPI.Domain.Shared.RequestLogsMiddleware      - ──────│ ✔ COMPLETED POST /api/StaffMembers with 400 in 35.295 ms
[10:13:25 INF] SEM5_PI_WEBAPI.Domain.Shared.RequestLogsMiddleware      - ┌───────────────────────────────────────────────
[10:13:25 INF] SEM5_PI_WEBAPI.Domain.Shared.RequestLogsMiddleware      - │ HTTP POST /api/StaffMembers
[10:13:25 INF] SEM5_PI_WEBAPI.Domain.Shared.RequestLogsMiddleware      - │ From IP: 127.0.0.1
[10:13:25 INF] SEM5_PI_WEBAPI.Domain.Shared.RequestLogsMiddleware      - └───────────────────────────────────────────────
[10:13:26 INF] SEM5_PI_WEBAPI.Domain.Shared.RequestLogsMiddleware      - ──────│ ✔ COMPLETED POST /api/StaffMembers with 400 in 1103.027 ms
[10:15:18 INF] SEM5_PI_WEBAPI.Domain.Shared.RequestLogsMiddleware      - ┌───────────────────────────────────────────────
[10:15:18 INF] SEM5_PI_WEBAPI.Domain.Shared.RequestLogsMiddleware      - │ HTTP POST /api/StaffMembers
[10:15:18 INF] SEM5_PI_WEBAPI.Domain.Shared.RequestLogsMiddleware      - │ From IP: 127.0.0.1
[10:15:18 INF] SEM5_PI_WEBAPI.Domain.Shared.RequestLogsMiddleware      - └───────────────────────────────────────────────
[10:15:19 INF] SEM5_PI_WEBAPI.Domain.Shared.RequestLogsMiddleware      - ──────│ ✔ COMPLETED POST /api/StaffMembers with 400 in 1117.094 ms
[10:17:49 INF] SEM5_PI_WEBAPI.Domain.Shared.RequestLogsMiddleware      - ┌───────────────────────────────────────────────
[10:17:49 INF] SEM5_PI_WEBAPI.Domain.Shared.RequestLogsMiddleware      - │ HTTP POST /api/StaffMembers
[10:17:49 INF] SEM5_PI_WEBAPI.Domain.Shared.RequestLogsMiddleware      - │ From IP: 127.0.0.1
[10:17:49 INF] SEM5_PI_WEBAPI.Domain.Shared.RequestLogsMiddleware      - └───────────────────────────────────────────────
[10:17:50 INF] SEM5_PI_WEBAPI.Domain.Shared.RequestLogsMiddleware      - ──────│ ✔ COMPLETED POST /api/StaffMembers with 400 in 1099.64 ms
[10:19:02 INF] SEM5_PI_WEBAPI.Domain.Shared.RequestLogsMiddleware      - ┌───────────────────────────────────────────────
[10:19:02 INF] SEM5_PI_WEBAPI.Domain.Shared.RequestLogsMiddleware      - │ HTTP POST /api/StaffMembers
[10:19:02 INF] SEM5_PI_WEBAPI.Domain.Shared.RequestLogsMiddleware      - │ From IP: 127.0.0.1
[10:19:02 INF] SEM5_PI_WEBAPI.Domain.Shared.RequestLogsMiddleware      - └───────────────────────────────────────────────
[10:19:03 INF] SEM5_PI_WEBAPI.Domain.Shared.RequestLogsMiddleware      - ──────│ ✔ COMPLETED POST /api/StaffMembers with 400 in 1166.713 ms
[10:19:37 INF] SEM5_PI_WEBAPI.Domain.Shared.RequestLogsMiddleware      - ┌───────────────────────────────────────────────
[10:19:37 INF] SEM5_PI_WEBAPI.Domain.Shared.RequestLogsMiddleware      - │ HTTP POST /api/StaffMembers
[10:19:37 INF] SEM5_PI_WEBAPI.Domain.Shared.RequestLogsMiddleware      - │ From IP: 127.0.0.1
[10:19:37 INF] SEM5_PI_WEBAPI.Domain.Shared.RequestLogsMiddleware      - └───────────────────────────────────────────────
[10:19:38 INF] SEM5_PI_WEBAPI.Domain.Shared.RequestLogsMiddleware      - ──────│ ✔ COMPLETED POST /api/StaffMembers with 400 in 1135.602 ms
[10:20:52 INF] SEM5_PI_WEBAPI.Domain.Shared.RequestLogsMiddleware      - ┌───────────────────────────────────────────────
[10:20:52 INF] SEM5_PI_WEBAPI.Domain.Shared.RequestLogsMiddleware      - │ HTTP POST /api/StaffMembers
[10:20:52 INF] SEM5_PI_WEBAPI.Domain.Shared.RequestLogsMiddleware      - │ From IP: 127.0.0.1
[10:20:52 INF] SEM5_PI_WEBAPI.Domain.Shared.RequestLogsMiddleware      - └───────────────────────────────────────────────
[10:20:53 INF] SEM5_PI_WEBAPI.Domain.Shared.RequestLogsMiddleware      - ──────│ ✔ COMPLETED POST /api/StaffMembers with 400 in 1107.731 ms
[10:22:21 INF] SEM5_PI_WEBAPI.Domain.Shared.RequestLogsMiddleware      - ┌───────────────────────────────────────────────
[10:22:21 INF] SEM5_PI_WEBAPI.Domain.Shared.RequestLogsMiddleware      - │ HTTP POST /api/StaffMembers
[10:22:21 INF] SEM5_PI_WEBAPI.Domain.Shared.RequestLogsMiddleware      - │ From IP: 127.0.0.1
[10:22:21 INF] SEM5_PI_WEBAPI.Domain.Shared.RequestLogsMiddleware      - └───────────────────────────────────────────────
[10:22:21 INF] SEM5_PI_WEBAPI.Domain.Shared.RequestLogsMiddleware      - ──────│ ✔ COMPLETED POST /api/StaffMembers with 400 in 49.463 ms
[10:24:00 INF] SEM5_PI_WEBAPI.Domain.Shared.RequestLogsMiddleware      - ┌───────────────────────────────────────────────
[10:24:00 INF] SEM5_PI_WEBAPI.Domain.Shared.RequestLogsMiddleware      - │ HTTP POST /api/StaffMembers
[10:24:00 INF] SEM5_PI_WEBAPI.Domain.Shared.RequestLogsMiddleware      - │ From IP: 127.0.0.1
[10:24:00 INF] SEM5_PI_WEBAPI.Domain.Shared.RequestLogsMiddleware      - └───────────────────────────────────────────────
[10:24:01 INF] SEM5_PI_WEBAPI.Domain.Shared.RequestLogsMiddleware      - ──────│ ✔ COMPLETED POST /api/StaffMembers with 400 in 1133.938 ms
[10:24:59 INF] SEM5_PI_WEBAPI.Domain.Shared.RequestLogsMiddleware      - ┌───────────────────────────────────────────────
[10:24:59 INF] SEM5_PI_WEBAPI.Domain.Shared.RequestLogsMiddleware      - │ HTTP POST /api/StaffMembers
[10:24:59 INF] SEM5_PI_WEBAPI.Domain.Shared.RequestLogsMiddleware      - │ From IP: 127.0.0.1
[10:24:59 INF] SEM5_PI_WEBAPI.Domain.Shared.RequestLogsMiddleware      - └───────────────────────────────────────────────
[10:25:00 INF] SEM5_PI_WEBAPI.Domain.Shared.RequestLogsMiddleware      - ──────│ ✔ COMPLETED POST /api/StaffMembers with 400 in 1156.81 ms
[10:26:01 INF] SEM5_PI_WEBAPI.Domain.Shared.RequestLogsMiddleware      - ┌───────────────────────────────────────────────
[10:26:01 INF] SEM5_PI_WEBAPI.Domain.Shared.RequestLogsMiddleware      - │ HTTP POST /api/StaffMembers
[10:26:01 INF] SEM5_PI_WEBAPI.Domain.Shared.RequestLogsMiddleware      - │ From IP: 127.0.0.1
[10:26:01 INF] SEM5_PI_WEBAPI.Domain.Shared.RequestLogsMiddleware      - └───────────────────────────────────────────────
[10:26:03 INF] SEM5_PI_WEBAPI.Domain.Shared.RequestLogsMiddleware      - ──────│ ✔ COMPLETED POST /api/StaffMembers with 400 in 1110.396 ms
[10:26:44 INF] SEM5_PI_WEBAPI.Domain.Shared.RequestLogsMiddleware      - ┌───────────────────────────────────────────────
[10:26:45 INF] SEM5_PI_WEBAPI.Domain.Shared.RequestLogsMiddleware      - │ HTTP POST /api/StaffMembers
[10:26:45 INF] SEM5_PI_WEBAPI.Domain.Shared.RequestLogsMiddleware      - │ From IP: 127.0.0.1
[10:26:45 INF] SEM5_PI_WEBAPI.Domain.Shared.RequestLogsMiddleware      - └───────────────────────────────────────────────
[10:26:46 INF] SEM5_PI_WEBAPI.Domain.Shared.RequestLogsMiddleware      - ──────│ ✔ COMPLETED POST /api/StaffMembers with 400 in 1120.647 ms
[10:27:18 INF] SEM5_PI_WEBAPI.Domain.Shared.RequestLogsMiddleware      - ┌───────────────────────────────────────────────
[10:27:18 INF] SEM5_PI_WEBAPI.Domain.Shared.RequestLogsMiddleware      - │ HTTP POST /api/StaffMembers
[10:27:18 INF] SEM5_PI_WEBAPI.Domain.Shared.RequestLogsMiddleware      - │ From IP: 127.0.0.1
[10:27:18 INF] SEM5_PI_WEBAPI.Domain.Shared.RequestLogsMiddleware      - └───────────────────────────────────────────────
[10:27:19 INF] SEM5_PI_WEBAPI.Domain.Shared.RequestLogsMiddleware      - ──────│ ✔ COMPLETED POST /api/StaffMembers with 400 in 1174.96 ms
[10:28:25 INF] SEM5_PI_WEBAPI.Domain.Shared.RequestLogsMiddleware      - ┌───────────────────────────────────────────────
[10:28:25 INF] SEM5_PI_WEBAPI.Domain.Shared.RequestLogsMiddleware      - │ HTTP POST /api/StaffMembers
[10:28:25 INF] SEM5_PI_WEBAPI.Domain.Shared.RequestLogsMiddleware      - │ From IP: 127.0.0.1
[10:28:25 INF] SEM5_PI_WEBAPI.Domain.Shared.RequestLogsMiddleware      - └───────────────────────────────────────────────
[10:28:26 INF] SEM5_PI_WEBAPI.Domain.Shared.RequestLogsMiddleware      - ──────│ ✔ COMPLETED POST /api/StaffMembers with 400 in 1177.29 ms
[10:29:05 INF] SEM5_PI_WEBAPI.Domain.Shared.RequestLogsMiddleware      - ┌───────────────────────────────────────────────
[10:29:05 INF] SEM5_PI_WEBAPI.Domain.Shared.RequestLogsMiddleware      - │ HTTP POST /api/StaffMembers
[10:29:05 INF] SEM5_PI_WEBAPI.Domain.Shared.RequestLogsMiddleware      - │ From IP: 127.0.0.1
[10:29:05 INF] SEM5_PI_WEBAPI.Domain.Shared.RequestLogsMiddleware      - └───────────────────────────────────────────────
[10:29:06 INF] SEM5_PI_WEBAPI.Domain.Shared.RequestLogsMiddleware      - ──────│ ✔ COMPLETED POST /api/StaffMembers with 400 in 1091.371 ms
[10:30:20 INF] SEM5_PI_WEBAPI.Domain.Shared.RequestLogsMiddleware      - ┌───────────────────────────────────────────────
[10:30:20 INF] SEM5_PI_WEBAPI.Domain.Shared.RequestLogsMiddleware      - │ HTTP POST /api/StaffMembers
[10:30:20 INF] SEM5_PI_WEBAPI.Domain.Shared.RequestLogsMiddleware      - │ From IP: 127.0.0.1
[10:30:20 INF] SEM5_PI_WEBAPI.Domain.Shared.RequestLogsMiddleware      - └───────────────────────────────────────────────
[10:30:21 INF] SEM5_PI_WEBAPI.Domain.Shared.RequestLogsMiddleware      - ──────│ ✔ COMPLETED POST /api/StaffMembers with 201 in 1308.241 ms
[10:50:30 INF] SEM5_PI_WEBAPI.Domain.Shared.RequestLogsMiddleware      - ┌───────────────────────────────────────────────
[10:50:30 INF] SEM5_PI_WEBAPI.Domain.Shared.RequestLogsMiddleware      - │ HTTP GET /api/qualifications
[10:50:30 INF] SEM5_PI_WEBAPI.Domain.Shared.RequestLogsMiddleware      - │ From IP: 127.0.0.1
[10:50:30 INF] SEM5_PI_WEBAPI.Domain.Shared.RequestLogsMiddleware      - └───────────────────────────────────────────────
[10:50:31 INF] SEM5_PI_WEBAPI.Domain.Shared.RequestLogsMiddleware      - ──────│ ✔ COMPLETED GET /api/qualifications with 200 in 989.195 ms
[10:50:44 INF] SEM5_PI_WEBAPI.Domain.Shared.RequestLogsMiddleware      - ┌───────────────────────────────────────────────
[10:50:44 INF] SEM5_PI_WEBAPI.Domain.Shared.RequestLogsMiddleware      - │ HTTP POST /api/qualifications
[10:50:44 INF] SEM5_PI_WEBAPI.Domain.Shared.RequestLogsMiddleware      - │ From IP: 127.0.0.1
[10:50:44 INF] SEM5_PI_WEBAPI.Domain.Shared.RequestLogsMiddleware      - └───────────────────────────────────────────────
[10:50:44 INF] SEM5_PI_WEBAPI.Domain.Shared.RequestLogsMiddleware      - ──────│ ✔ COMPLETED POST /api/qualifications with 400 in 63.774 ms
[10:51:28 INF] SEM5_PI_WEBAPI.Domain.Shared.RequestLogsMiddleware      - ┌───────────────────────────────────────────────
[10:51:28 INF] SEM5_PI_WEBAPI.Domain.Shared.RequestLogsMiddleware      - │ HTTP GET /api/VesselType
[10:51:28 INF] SEM5_PI_WEBAPI.Domain.Shared.RequestLogsMiddleware      - │ From IP: 127.0.0.1
[10:51:28 INF] SEM5_PI_WEBAPI.Domain.Shared.RequestLogsMiddleware      - └───────────────────────────────────────────────
[10:51:28 INF] SEM5_PI_WEBAPI.Controllers.VesselTypeController         - API Request: Get All Vessels Types on DataBase
[10:51:28 INF] SEM5_PI_WEBAPI.Domain.VesselsTypes.VesselTypeService    - Business Domain: Request to fetch all Vessel Types.
[10:51:28 INF] SEM5_PI_WEBAPI.Domain.VesselsTypes.VesselTypeService    - Business Domain: Found [1] Vessel Types in database.
[10:51:28 INF] SEM5_PI_WEBAPI.Domain.VesselsTypes.VesselTypeService    - Business Domain: Returning [1] Vessel Types DTOs.
[10:51:28 WRN] SEM5_PI_WEBAPI.Controllers.VesselTypeController         - API Response (200): A total of 1 were found -> [{"Id":"b928c0c9-90c8-4e41-9a6d-59ec1ffef048","Name":"Panamax","Description":"Medium size vessel","MaxBays":20,"MaxRows":15,"MaxTiers":10,"Capacity":3000,"$type":"VesselTypeDto"}]
[10:51:28 INF] SEM5_PI_WEBAPI.Domain.Shared.RequestLogsMiddleware      - ──────│ ✔ COMPLETED GET /api/VesselType with 200 in 78.459 ms
[10:51:52 INF] SEM5_PI_WEBAPI.Domain.Shared.RequestLogsMiddleware      - ┌───────────────────────────────────────────────
[10:51:52 INF] SEM5_PI_WEBAPI.Domain.Shared.RequestLogsMiddleware      - │ HTTP GET /api/VesselType/id/c7798221-c758-47fd-a343-21d49b78c806
[10:51:52 INF] SEM5_PI_WEBAPI.Domain.Shared.RequestLogsMiddleware      - │ From IP: 127.0.0.1
[10:51:52 INF] SEM5_PI_WEBAPI.Domain.Shared.RequestLogsMiddleware      - └───────────────────────────────────────────────
[10:51:52 INF] SEM5_PI_WEBAPI.Controllers.VesselTypeController         - API Request: Fetching Vessel Type with ID = "c7798221-c758-47fd-a343-21d49b78c806"
[10:51:52 INF] SEM5_PI_WEBAPI.Domain.VesselsTypes.VesselTypeService    - Business Domain: Request to fetch Vessel Type with ID = c7798221-c758-47fd-a343-21d49b78c806
[10:51:52 WRN] SEM5_PI_WEBAPI.Controllers.VesselTypeController         - API Error (404): Vessel Type with ID = "c7798221-c758-47fd-a343-21d49b78c806" -> NOT FOUND
[10:51:52 INF] SEM5_PI_WEBAPI.Domain.Shared.RequestLogsMiddleware      - ──────│ ✔ COMPLETED GET /api/VesselType/id/c7798221-c758-47fd-a343-21d49b78c806 with 404 in 107.767 ms
[10:53:14 INF] SEM5_PI_WEBAPI.Domain.Shared.RequestLogsMiddleware      - ┌───────────────────────────────────────────────
[10:53:14 INF] SEM5_PI_WEBAPI.Domain.Shared.RequestLogsMiddleware      - │ HTTP GET /api/VesselType
[10:53:14 INF] SEM5_PI_WEBAPI.Domain.Shared.RequestLogsMiddleware      - │ From IP: 127.0.0.1
[10:53:14 INF] SEM5_PI_WEBAPI.Domain.Shared.RequestLogsMiddleware      - └───────────────────────────────────────────────
[10:53:14 INF] SEM5_PI_WEBAPI.Controllers.VesselTypeController         - API Request: Get All Vessels Types on DataBase
[10:53:14 INF] SEM5_PI_WEBAPI.Domain.VesselsTypes.VesselTypeService    - Business Domain: Request to fetch all Vessel Types.
[10:53:14 INF] SEM5_PI_WEBAPI.Domain.VesselsTypes.VesselTypeService    - Business Domain: Found [1] Vessel Types in database.
[10:53:14 INF] SEM5_PI_WEBAPI.Domain.VesselsTypes.VesselTypeService    - Business Domain: Returning [1] Vessel Types DTOs.
[10:53:14 WRN] SEM5_PI_WEBAPI.Controllers.VesselTypeController         - API Response (200): A total of 1 were found -> [{"Id":"b928c0c9-90c8-4e41-9a6d-59ec1ffef048","Name":"Panamax","Description":"Medium size vessel","MaxBays":20,"MaxRows":15,"MaxTiers":10,"Capacity":3000,"$type":"VesselTypeDto"}]
[10:53:14 INF] SEM5_PI_WEBAPI.Domain.Shared.RequestLogsMiddleware      - ──────│ ✔ COMPLETED GET /api/VesselType with 200 in 16.126 ms
[10:53:41 INF] SEM5_PI_WEBAPI.Domain.Shared.RequestLogsMiddleware      - ┌───────────────────────────────────────────────
[10:53:41 INF] SEM5_PI_WEBAPI.Domain.Shared.RequestLogsMiddleware      - │ HTTP GET /api/VesselType/id/b928c0c9-90c8-4e41-9a6d-59ec1ffef048
[10:53:41 INF] SEM5_PI_WEBAPI.Domain.Shared.RequestLogsMiddleware      - │ From IP: 127.0.0.1
[10:53:41 INF] SEM5_PI_WEBAPI.Domain.Shared.RequestLogsMiddleware      - └───────────────────────────────────────────────
[10:53:41 INF] SEM5_PI_WEBAPI.Controllers.VesselTypeController         - API Request: Fetching Vessel Type with ID = "b928c0c9-90c8-4e41-9a6d-59ec1ffef048"
[10:53:41 INF] SEM5_PI_WEBAPI.Domain.VesselsTypes.VesselTypeService    - Business Domain: Request to fetch Vessel Type with ID = b928c0c9-90c8-4e41-9a6d-59ec1ffef048
[10:53:41 INF] SEM5_PI_WEBAPI.Domain.VesselsTypes.VesselTypeService    - Business Domain: Vessel Type with ID = b928c0c9-90c8-4e41-9a6d-59ec1ffef048 found successfully.
[10:53:41 WRN] SEM5_PI_WEBAPI.Controllers.VesselTypeController         - API Response (200): Vessel Type with ID = "b928c0c9-90c8-4e41-9a6d-59ec1ffef048" -> FOUND
[10:53:41 INF] SEM5_PI_WEBAPI.Domain.Shared.RequestLogsMiddleware      - ──────│ ✔ COMPLETED GET /api/VesselType/id/b928c0c9-90c8-4e41-9a6d-59ec1ffef048 with 200 in 22.946 ms
[10:53:51 INF] SEM5_PI_WEBAPI.Domain.Shared.RequestLogsMiddleware      - ┌───────────────────────────────────────────────
[10:53:51 INF] SEM5_PI_WEBAPI.Domain.Shared.RequestLogsMiddleware      - │ HTTP GET /api/VesselType/name/Panamax
[10:53:51 INF] SEM5_PI_WEBAPI.Domain.Shared.RequestLogsMiddleware      - │ From IP: 127.0.0.1
[10:53:51 INF] SEM5_PI_WEBAPI.Domain.Shared.RequestLogsMiddleware      - └───────────────────────────────────────────────
[10:53:51 INF] SEM5_PI_WEBAPI.Controllers.VesselTypeController         - API Request: Fetching Vessel Type with Name = Panamax
[10:53:51 INF] SEM5_PI_WEBAPI.Domain.VesselsTypes.VesselTypeService    - Business Domain: Request to fetch Vessel Type with ID = Panamax
[10:53:51 INF] SEM5_PI_WEBAPI.Domain.VesselsTypes.VesselTypeService    - Business Domain: Vessel Type with Name = Panamax found successfully.
[10:53:51 WRN] SEM5_PI_WEBAPI.Controllers.VesselTypeController         - API Response (200): Vessel Type with Name = Panamax -> FOUND
[10:53:51 INF] SEM5_PI_WEBAPI.Domain.Shared.RequestLogsMiddleware      - ──────│ ✔ COMPLETED GET /api/VesselType/name/Panamax with 200 in 46.389 ms
[10:53:57 INF] SEM5_PI_WEBAPI.Domain.Shared.RequestLogsMiddleware      - ┌───────────────────────────────────────────────
[10:53:57 INF] SEM5_PI_WEBAPI.Domain.Shared.RequestLogsMiddleware      - │ HTTP GET /api/VesselType/name/Panamaxx
[10:53:57 INF] SEM5_PI_WEBAPI.Domain.Shared.RequestLogsMiddleware      - │ From IP: 127.0.0.1
[10:53:57 INF] SEM5_PI_WEBAPI.Domain.Shared.RequestLogsMiddleware      - └───────────────────────────────────────────────
[10:53:57 INF] SEM5_PI_WEBAPI.Controllers.VesselTypeController         - API Request: Fetching Vessel Type with Name = Panamaxx
[10:53:57 INF] SEM5_PI_WEBAPI.Domain.VesselsTypes.VesselTypeService    - Business Domain: Request to fetch Vessel Type with ID = Panamaxx
[10:53:57 WRN] SEM5_PI_WEBAPI.Controllers.VesselTypeController         - API Error (404): Vessel Type with Name = Panamaxx -> NOT FOUND
[10:53:57 INF] SEM5_PI_WEBAPI.Domain.Shared.RequestLogsMiddleware      - ──────│ ✔ COMPLETED GET /api/VesselType/name/Panamaxx with 404 in 5.371 ms
[10:54:07 INF] SEM5_PI_WEBAPI.Domain.Shared.RequestLogsMiddleware      - ┌───────────────────────────────────────────────
[10:54:07 INF] SEM5_PI_WEBAPI.Domain.Shared.RequestLogsMiddleware      - │ HTTP GET /api/VesselType/name/panamax
[10:54:07 INF] SEM5_PI_WEBAPI.Domain.Shared.RequestLogsMiddleware      - │ From IP: 127.0.0.1
[10:54:07 INF] SEM5_PI_WEBAPI.Domain.Shared.RequestLogsMiddleware      - └───────────────────────────────────────────────
[10:54:07 INF] SEM5_PI_WEBAPI.Controllers.VesselTypeController         - API Request: Fetching Vessel Type with Name = panamax
[10:54:07 INF] SEM5_PI_WEBAPI.Domain.VesselsTypes.VesselTypeService    - Business Domain: Request to fetch Vessel Type with ID = panamax
[10:54:07 INF] SEM5_PI_WEBAPI.Domain.VesselsTypes.VesselTypeService    - Business Domain: Vessel Type with Name = panamax found successfully.
[10:54:07 WRN] SEM5_PI_WEBAPI.Controllers.VesselTypeController         - API Response (200): Vessel Type with Name = panamax -> FOUND
[10:54:07 INF] SEM5_PI_WEBAPI.Domain.Shared.RequestLogsMiddleware      - ──────│ ✔ COMPLETED GET /api/VesselType/name/panamax with 200 in 15.088 ms
[10:54:19 INF] SEM5_PI_WEBAPI.Domain.Shared.RequestLogsMiddleware      - ┌───────────────────────────────────────────────
[10:54:19 INF] SEM5_PI_WEBAPI.Domain.Shared.RequestLogsMiddleware      - │ HTTP GET /api/VesselType/description/Medium%20size%20vessel
[10:54:19 INF] SEM5_PI_WEBAPI.Domain.Shared.RequestLogsMiddleware      - │ From IP: 127.0.0.1
[10:54:19 INF] SEM5_PI_WEBAPI.Domain.Shared.RequestLogsMiddleware      - └───────────────────────────────────────────────
[10:54:19 INF] SEM5_PI_WEBAPI.Controllers.VesselTypeController         - API Request: Fetching Vessel/s Type/s with Description = Medium size vessel
[10:54:19 INF] SEM5_PI_WEBAPI.Domain.VesselsTypes.VesselTypeService    - Business Domain: Request to fetch Vessel/s Type/s with Description = Medium size vessel
[10:54:19 INF] SEM5_PI_WEBAPI.Domain.VesselsTypes.VesselTypeService    - Business Domain: Where found [1] Vessel/s Type/s with Description = Medium size vessel found successfully.
[10:54:19 WRN] SEM5_PI_WEBAPI.Controllers.VesselTypeController         - API Response (200): Vessel/s Type/s with requested Description where found: [{"Id":"b928c0c9-90c8-4e41-9a6d-59ec1ffef048","Name":"Panamax","Description":"Medium size vessel","MaxBays":20,"MaxRows":15,"MaxTiers":10,"Capacity":3000,"$type":"VesselTypeDto"}]
[10:54:19 INF] SEM5_PI_WEBAPI.Domain.Shared.RequestLogsMiddleware      - ──────│ ✔ COMPLETED GET /api/VesselType/description/Medium%20size%20vessel with 200 in 26.568 ms
[10:54:31 INF] SEM5_PI_WEBAPI.Domain.Shared.RequestLogsMiddleware      - ┌───────────────────────────────────────────────
[10:54:31 INF] SEM5_PI_WEBAPI.Domain.Shared.RequestLogsMiddleware      - │ HTTP GET /api/VesselType/description/size%20vessel
[10:54:31 INF] SEM5_PI_WEBAPI.Domain.Shared.RequestLogsMiddleware      - │ From IP: 127.0.0.1
[10:54:31 INF] SEM5_PI_WEBAPI.Domain.Shared.RequestLogsMiddleware      - └───────────────────────────────────────────────
[10:54:31 INF] SEM5_PI_WEBAPI.Controllers.VesselTypeController         - API Request: Fetching Vessel/s Type/s with Description = size vessel
[10:54:31 INF] SEM5_PI_WEBAPI.Domain.VesselsTypes.VesselTypeService    - Business Domain: Request to fetch Vessel/s Type/s with Description = size vessel
[10:54:31 WRN] SEM5_PI_WEBAPI.Controllers.VesselTypeController         - API Error (404): Vessel/s Type/s with Description = size vessel -> NOT FOUND
[10:54:31 INF] SEM5_PI_WEBAPI.Domain.Shared.RequestLogsMiddleware      - ──────│ ✔ COMPLETED GET /api/VesselType/description/size%20vessel with 404 in 18.564 ms
[10:54:42 INF] SEM5_PI_WEBAPI.Domain.Shared.RequestLogsMiddleware      - ┌───────────────────────────────────────────────
[10:54:42 INF] SEM5_PI_WEBAPI.Domain.Shared.RequestLogsMiddleware      - │ HTTP GET /api/vesseltype/filter
[10:54:42 INF] SEM5_PI_WEBAPI.Domain.Shared.RequestLogsMiddleware      - │ From IP: 127.0.0.1
[10:54:42 INF] SEM5_PI_WEBAPI.Domain.Shared.RequestLogsMiddleware      - └───────────────────────────────────────────────
[10:54:42 INF] SEM5_PI_WEBAPI.Controllers.VesselTypeController         - API Request: Filtering Vessel/s Type/s with filters -> Name = pan, Description = null, Query = null
[10:54:42 INF] SEM5_PI_WEBAPI.Domain.VesselsTypes.VesselTypeService    - Business Domain: Filtering VesselTypes with filters -> Name = pan, Description = null, Query = null
[10:54:42 INF] SEM5_PI_WEBAPI.Domain.VesselsTypes.VesselTypeService    - Business Domain: Where found [1] Vessel/s Type/s with filters -> Name = pan, Description = null, Query = null
[10:54:42 INF] SEM5_PI_WEBAPI.Controllers.VesselTypeController         - API Response (200): Found 1 Vessel/s Type/s -> [{"Id":"b928c0c9-90c8-4e41-9a6d-59ec1ffef048","Name":"Panamax","Description":"Medium size vessel","MaxBays":20,"MaxRows":15,"MaxTiers":10,"Capacity":3000,"$type":"VesselTypeDto"}]
[10:54:42 INF] SEM5_PI_WEBAPI.Domain.Shared.RequestLogsMiddleware      - ──────│ ✔ COMPLETED GET /api/vesseltype/filter with 200 in 24.163 ms
[10:55:08 INF] SEM5_PI_WEBAPI.Domain.Shared.RequestLogsMiddleware      - ┌───────────────────────────────────────────────
[10:55:08 INF] SEM5_PI_WEBAPI.Domain.Shared.RequestLogsMiddleware      - │ HTTP GET /api/vesseltype/filter
[10:55:08 INF] SEM5_PI_WEBAPI.Domain.Shared.RequestLogsMiddleware      - │ From IP: 127.0.0.1
[10:55:08 INF] SEM5_PI_WEBAPI.Domain.Shared.RequestLogsMiddleware      - └───────────────────────────────────────────────
[10:55:08 INF] SEM5_PI_WEBAPI.Controllers.VesselTypeController         - API Request: Filtering Vessel/s Type/s with filters -> Name = null, Description = size, Query = null
[10:55:08 INF] SEM5_PI_WEBAPI.Domain.VesselsTypes.VesselTypeService    - Business Domain: Filtering VesselTypes with filters -> Name = null, Description = size, Query = null
[10:55:08 INF] SEM5_PI_WEBAPI.Domain.VesselsTypes.VesselTypeService    - Business Domain: Where found [1] Vessel/s Type/s with filters -> Name = null, Description = size, Query = null
[10:55:08 INF] SEM5_PI_WEBAPI.Controllers.VesselTypeController         - API Response (200): Found 1 Vessel/s Type/s -> [{"Id":"b928c0c9-90c8-4e41-9a6d-59ec1ffef048","Name":"Panamax","Description":"Medium size vessel","MaxBays":20,"MaxRows":15,"MaxTiers":10,"Capacity":3000,"$type":"VesselTypeDto"}]
[10:55:08 INF] SEM5_PI_WEBAPI.Domain.Shared.RequestLogsMiddleware      - ──────│ ✔ COMPLETED GET /api/vesseltype/filter with 200 in 18.443 ms
[10:55:18 INF] SEM5_PI_WEBAPI.Domain.Shared.RequestLogsMiddleware      - ┌───────────────────────────────────────────────
[10:55:18 INF] SEM5_PI_WEBAPI.Domain.Shared.RequestLogsMiddleware      - │ HTTP GET /api/VesselType/name/Panamaxx
[10:55:18 INF] SEM5_PI_WEBAPI.Domain.Shared.RequestLogsMiddleware      - │ From IP: 127.0.0.1
[10:55:18 INF] SEM5_PI_WEBAPI.Domain.Shared.RequestLogsMiddleware      - └───────────────────────────────────────────────
[10:55:18 INF] SEM5_PI_WEBAPI.Controllers.VesselTypeController         - API Request: Fetching Vessel Type with Name = Panamaxx
[10:55:18 INF] SEM5_PI_WEBAPI.Domain.VesselsTypes.VesselTypeService    - Business Domain: Request to fetch Vessel Type with ID = Panamaxx
[10:55:18 WRN] SEM5_PI_WEBAPI.Controllers.VesselTypeController         - API Error (404): Vessel Type with Name = Panamaxx -> NOT FOUND
[10:55:18 INF] SEM5_PI_WEBAPI.Domain.Shared.RequestLogsMiddleware      - ──────│ ✔ COMPLETED GET /api/VesselType/name/Panamaxx with 404 in 4.628 ms
[10:55:21 INF] SEM5_PI_WEBAPI.Domain.Shared.RequestLogsMiddleware      - ┌───────────────────────────────────────────────
[10:55:21 INF] SEM5_PI_WEBAPI.Domain.Shared.RequestLogsMiddleware      - │ HTTP GET /api/vesseltype/filter
[10:55:21 INF] SEM5_PI_WEBAPI.Domain.Shared.RequestLogsMiddleware      - │ From IP: 127.0.0.1
[10:55:21 INF] SEM5_PI_WEBAPI.Domain.Shared.RequestLogsMiddleware      - └───────────────────────────────────────────────
[10:55:21 INF] SEM5_PI_WEBAPI.Controllers.VesselTypeController         - API Request: Filtering Vessel/s Type/s with filters -> Name = null, Description = size, Query = null
[10:55:21 INF] SEM5_PI_WEBAPI.Domain.VesselsTypes.VesselTypeService    - Business Domain: Filtering VesselTypes with filters -> Name = null, Description = size, Query = null
[10:55:21 INF] SEM5_PI_WEBAPI.Domain.VesselsTypes.VesselTypeService    - Business Domain: Where found [1] Vessel/s Type/s with filters -> Name = null, Description = size, Query = null
[10:55:21 INF] SEM5_PI_WEBAPI.Controllers.VesselTypeController         - API Response (200): Found 1 Vessel/s Type/s -> [{"Id":"b928c0c9-90c8-4e41-9a6d-59ec1ffef048","Name":"Panamax","Description":"Medium size vessel","MaxBays":20,"MaxRows":15,"MaxTiers":10,"Capacity":3000,"$type":"VesselTypeDto"}]
[10:55:21 INF] SEM5_PI_WEBAPI.Domain.Shared.RequestLogsMiddleware      - ──────│ ✔ COMPLETED GET /api/vesseltype/filter with 200 in 3.588 ms
[10:56:21 INF] SEM5_PI_WEBAPI.Domain.Shared.RequestLogsMiddleware      - ┌───────────────────────────────────────────────
[10:56:21 INF] SEM5_PI_WEBAPI.Domain.Shared.RequestLogsMiddleware      - │ HTTP POST /api/VesselType
[10:56:21 INF] SEM5_PI_WEBAPI.Domain.Shared.RequestLogsMiddleware      - │ From IP: 127.0.0.1
[10:56:21 INF] SEM5_PI_WEBAPI.Domain.Shared.RequestLogsMiddleware      - └───────────────────────────────────────────────
[10:56:21 INF] SEM5_PI_WEBAPI.Controllers.VesselTypeController         - API Request: Add Vessel Type with body = {"Name":"Panamax","Description":"Medium size vessel","MaxBays":20,"MaxRows":15,"MaxTiers":10,"$type":"CreatingVesselTypeDto"}
[10:56:21 INF] SEM5_PI_WEBAPI.Domain.VesselsTypes.VesselTypeService    - Business Domain: Request to add new Vessel Type with Name = Panamax
[10:56:21 INF] SEM5_PI_WEBAPI.Domain.VesselsTypes.VesselTypeService    - Business Domain: Request to fetch all Vessel Types.
[10:56:21 INF] SEM5_PI_WEBAPI.Domain.VesselsTypes.VesselTypeService    - Business Domain: Found [1] Vessel Types in database.
[10:56:21 INF] SEM5_PI_WEBAPI.Domain.VesselsTypes.VesselTypeService    - Business Domain: Returning [1] Vessel Types DTOs.
[10:56:21 WRN] SEM5_PI_WEBAPI.Controllers.VesselTypeController         - API Error (404): VesselType with name 'Panamax' already exists.
[10:56:21 INF] SEM5_PI_WEBAPI.Domain.Shared.RequestLogsMiddleware      - ──────│ ✔ COMPLETED POST /api/VesselType with 400 in 35.474 ms
[10:56:37 INF] SEM5_PI_WEBAPI.Domain.Shared.RequestLogsMiddleware      - ┌───────────────────────────────────────────────
[10:56:37 INF] SEM5_PI_WEBAPI.Domain.Shared.RequestLogsMiddleware      - │ HTTP POST /api/VesselType
[10:56:37 INF] SEM5_PI_WEBAPI.Domain.Shared.RequestLogsMiddleware      - │ From IP: 127.0.0.1
[10:56:37 INF] SEM5_PI_WEBAPI.Domain.Shared.RequestLogsMiddleware      - └───────────────────────────────────────────────
[10:56:37 INF] SEM5_PI_WEBAPI.Controllers.VesselTypeController         - API Request: Add Vessel Type with body = {"Name":"Panama","Description":"Medium size vessel","MaxBays":0,"MaxRows":15,"MaxTiers":10,"$type":"CreatingVesselTypeDto"}
[10:56:37 INF] SEM5_PI_WEBAPI.Domain.VesselsTypes.VesselTypeService    - Business Domain: Request to add new Vessel Type with Name = Panama
[10:56:37 INF] SEM5_PI_WEBAPI.Domain.VesselsTypes.VesselTypeService    - Business Domain: Request to fetch all Vessel Types.
[10:56:37 INF] SEM5_PI_WEBAPI.Domain.VesselsTypes.VesselTypeService    - Business Domain: Found [1] Vessel Types in database.
[10:56:37 INF] SEM5_PI_WEBAPI.Domain.VesselsTypes.VesselTypeService    - Business Domain: Returning [1] Vessel Types DTOs.
[10:56:37 WRN] SEM5_PI_WEBAPI.Controllers.VesselTypeController         - API Error (404): Max 'Bays' must be greater than 1.
[10:56:37 INF] SEM5_PI_WEBAPI.Domain.Shared.RequestLogsMiddleware      - ──────│ ✔ COMPLETED POST /api/VesselType with 400 in 5.605 ms
[15:26:26 INF] SEM5_PI_WEBAPI.Domain.Shared.RequestLogsMiddleware      - ┌───────────────────────────────────────────────
[15:26:26 INF] SEM5_PI_WEBAPI.Domain.Shared.RequestLogsMiddleware      - │ HTTP GET /api/StaffMembers
[15:26:26 INF] SEM5_PI_WEBAPI.Domain.Shared.RequestLogsMiddleware      - │ From IP: 127.0.0.1
[15:26:26 INF] SEM5_PI_WEBAPI.Domain.Shared.RequestLogsMiddleware      - └───────────────────────────────────────────────
[15:26:27 INF] SEM5_PI_WEBAPI.Domain.Shared.RequestLogsMiddleware      - ──────│ ✔ COMPLETED GET /api/StaffMembers with 200 in 970.183 ms
[15:27:15 INF] SEM5_PI_WEBAPI.Domain.Shared.RequestLogsMiddleware      - ┌───────────────────────────────────────────────
[15:27:15 INF] SEM5_PI_WEBAPI.Domain.Shared.RequestLogsMiddleware      - │ HTTP POST /api/StaffMembers
[15:27:15 INF] SEM5_PI_WEBAPI.Domain.Shared.RequestLogsMiddleware      - │ From IP: 127.0.0.1
[15:27:15 INF] SEM5_PI_WEBAPI.Domain.Shared.RequestLogsMiddleware      - └───────────────────────────────────────────────
[15:27:15 INF] SEM5_PI_WEBAPI.Domain.Shared.RequestLogsMiddleware      - ──────│ ✔ COMPLETED POST /api/StaffMembers with 201 in 465.73 ms
[15:27:25 INF] SEM5_PI_WEBAPI.Domain.Shared.RequestLogsMiddleware      - ┌───────────────────────────────────────────────
[15:27:25 INF] SEM5_PI_WEBAPI.Domain.Shared.RequestLogsMiddleware      - │ HTTP GET /api/StaffMembers
[15:27:25 INF] SEM5_PI_WEBAPI.Domain.Shared.RequestLogsMiddleware      - │ From IP: 127.0.0.1
[15:27:25 INF] SEM5_PI_WEBAPI.Domain.Shared.RequestLogsMiddleware      - └───────────────────────────────────────────────
[15:56:48 INF] SEM5_PI_WEBAPI.Domain.Shared.RequestLogsMiddleware      - ┌───────────────────────────────────────────────
[15:56:48 INF] SEM5_PI_WEBAPI.Domain.Shared.RequestLogsMiddleware      - │ HTTP GET /api/qualifications
[15:56:48 INF] SEM5_PI_WEBAPI.Domain.Shared.RequestLogsMiddleware      - │ From IP: 127.0.0.1
[15:56:48 INF] SEM5_PI_WEBAPI.Domain.Shared.RequestLogsMiddleware      - └───────────────────────────────────────────────
[16:01:03 INF] SEM5_PI_WEBAPI.Domain.Shared.RequestLogsMiddleware      - ┌───────────────────────────────────────────────
[16:01:03 INF] SEM5_PI_WEBAPI.Domain.Shared.RequestLogsMiddleware      - │ HTTP POST /api/qualifications
[16:01:03 INF] SEM5_PI_WEBAPI.Domain.Shared.RequestLogsMiddleware      - │ From IP: 127.0.0.1
[16:01:03 INF] SEM5_PI_WEBAPI.Domain.Shared.RequestLogsMiddleware      - └───────────────────────────────────────────────
[16:01:04 INF] SEM5_PI_WEBAPI.Domain.Shared.RequestLogsMiddleware      - ──────│ ✔ COMPLETED POST /api/qualifications with 201 in 1182.833 ms
[16:01:05 INF] SEM5_PI_WEBAPI.Domain.Shared.RequestLogsMiddleware      - ┌───────────────────────────────────────────────
[16:01:05 INF] SEM5_PI_WEBAPI.Domain.Shared.RequestLogsMiddleware      - │ HTTP GET /api/qualifications
[16:01:05 INF] SEM5_PI_WEBAPI.Domain.Shared.RequestLogsMiddleware      - │ From IP: 127.0.0.1
[16:01:05 INF] SEM5_PI_WEBAPI.Domain.Shared.RequestLogsMiddleware      - └───────────────────────────────────────────────
[16:01:05 INF] SEM5_PI_WEBAPI.Domain.Shared.RequestLogsMiddleware      - ──────│ ✔ COMPLETED GET /api/qualifications with 200 in 77.873 ms
[16:01:13 INF] SEM5_PI_WEBAPI.Domain.Shared.RequestLogsMiddleware      - ┌───────────────────────────────────────────────
[16:01:13 INF] SEM5_PI_WEBAPI.Domain.Shared.RequestLogsMiddleware      - │ HTTP GET /api/StaffMembers
[16:01:13 INF] SEM5_PI_WEBAPI.Domain.Shared.RequestLogsMiddleware      - │ From IP: 127.0.0.1
[16:01:13 INF] SEM5_PI_WEBAPI.Domain.Shared.RequestLogsMiddleware      - └───────────────────────────────────────────────
[16:01:13 INF] SEM5_PI_WEBAPI.Domain.Shared.RequestLogsMiddleware      - ──────│ ✔ COMPLETED GET /api/StaffMembers with 200 in 104.282 ms
[16:01:15 INF] SEM5_PI_WEBAPI.Domain.Shared.RequestLogsMiddleware      - ┌───────────────────────────────────────────────
[16:01:15 INF] SEM5_PI_WEBAPI.Domain.Shared.RequestLogsMiddleware      - │ HTTP POST /api/StaffMembers
[16:01:15 INF] SEM5_PI_WEBAPI.Domain.Shared.RequestLogsMiddleware      - │ From IP: 127.0.0.1
[16:01:15 INF] SEM5_PI_WEBAPI.Domain.Shared.RequestLogsMiddleware      - └───────────────────────────────────────────────
[16:01:15 INF] SEM5_PI_WEBAPI.Domain.Shared.RequestLogsMiddleware      - ──────│ ✔ COMPLETED POST /api/StaffMembers with 400 in 101.036 ms
[16:01:29 INF] SEM5_PI_WEBAPI.Domain.Shared.RequestLogsMiddleware      - ┌───────────────────────────────────────────────
[16:01:29 INF] SEM5_PI_WEBAPI.Domain.Shared.RequestLogsMiddleware      - │ HTTP POST /api/StaffMembers
[16:01:29 INF] SEM5_PI_WEBAPI.Domain.Shared.RequestLogsMiddleware      - │ From IP: 127.0.0.1
[16:01:29 INF] SEM5_PI_WEBAPI.Domain.Shared.RequestLogsMiddleware      - └───────────────────────────────────────────────
[16:01:29 INF] SEM5_PI_WEBAPI.Domain.Shared.RequestLogsMiddleware      - ──────│ ✔ COMPLETED POST /api/StaffMembers with 400 in 23.227 ms
[16:06:27 INF] SEM5_PI_WEBAPI.Domain.Shared.RequestLogsMiddleware      - ┌───────────────────────────────────────────────
[16:06:27 INF] SEM5_PI_WEBAPI.Domain.Shared.RequestLogsMiddleware      - │ HTTP POST /api/StaffMembers
[16:06:27 INF] SEM5_PI_WEBAPI.Domain.Shared.RequestLogsMiddleware      - │ From IP: 127.0.0.1
[16:06:27 INF] SEM5_PI_WEBAPI.Domain.Shared.RequestLogsMiddleware      - └───────────────────────────────────────────────
[16:06:28 INF] SEM5_PI_WEBAPI.Domain.Shared.RequestLogsMiddleware      - ──────│ ✔ COMPLETED POST /api/StaffMembers with 400 in 1075.884 ms
[16:11:18 INF] SEM5_PI_WEBAPI.Domain.Shared.RequestLogsMiddleware      - ┌───────────────────────────────────────────────
[16:11:18 INF] SEM5_PI_WEBAPI.Domain.Shared.RequestLogsMiddleware      - │ HTTP POST /api/StaffMembers
[16:11:18 INF] SEM5_PI_WEBAPI.Domain.Shared.RequestLogsMiddleware      - │ From IP: 127.0.0.1
[16:11:18 INF] SEM5_PI_WEBAPI.Domain.Shared.RequestLogsMiddleware      - └───────────────────────────────────────────────
[16:11:19 INF] SEM5_PI_WEBAPI.Domain.Shared.RequestLogsMiddleware      - ──────│ ✔ COMPLETED POST /api/StaffMembers with 400 in 1081.854 ms
[16:11:40 INF] SEM5_PI_WEBAPI.Domain.Shared.RequestLogsMiddleware      - ┌───────────────────────────────────────────────
[16:11:40 INF] SEM5_PI_WEBAPI.Domain.Shared.RequestLogsMiddleware      - │ HTTP POST /api/StaffMembers
[16:11:40 INF] SEM5_PI_WEBAPI.Domain.Shared.RequestLogsMiddleware      - │ From IP: 127.0.0.1
[16:11:40 INF] SEM5_PI_WEBAPI.Domain.Shared.RequestLogsMiddleware      - └───────────────────────────────────────────────
[16:11:40 INF] SEM5_PI_WEBAPI.Domain.Shared.RequestLogsMiddleware      - ──────│ ✔ COMPLETED POST /api/StaffMembers with 201 in 348.051 ms
[16:12:00 INF] SEM5_PI_WEBAPI.Domain.Shared.RequestLogsMiddleware      - ┌───────────────────────────────────────────────
[16:12:00 INF] SEM5_PI_WEBAPI.Domain.Shared.RequestLogsMiddleware      - │ HTTP GET /api/StaffMembers
[16:12:00 INF] SEM5_PI_WEBAPI.Domain.Shared.RequestLogsMiddleware      - │ From IP: 127.0.0.1
[16:12:00 INF] SEM5_PI_WEBAPI.Domain.Shared.RequestLogsMiddleware      - └───────────────────────────────────────────────
[16:12:00 INF] SEM5_PI_WEBAPI.Domain.Shared.RequestLogsMiddleware      - ──────│ ✔ COMPLETED GET /api/StaffMembers with 200 in 53.783 ms
[16:16:20 INF] SEM5_PI_WEBAPI.Domain.Shared.RequestLogsMiddleware      - ┌───────────────────────────────────────────────
[16:16:20 INF] SEM5_PI_WEBAPI.Domain.Shared.RequestLogsMiddleware      - │ HTTP POST /api/StaffMembers
[16:16:20 INF] SEM5_PI_WEBAPI.Domain.Shared.RequestLogsMiddleware      - │ From IP: 127.0.0.1
[16:16:20 INF] SEM5_PI_WEBAPI.Domain.Shared.RequestLogsMiddleware      - └───────────────────────────────────────────────
[16:16:20 INF] SEM5_PI_WEBAPI.Domain.Shared.RequestLogsMiddleware      - ──────│ ✔ COMPLETED POST /api/StaffMembers with 201 in 34.657 ms
[16:16:28 INF] SEM5_PI_WEBAPI.Domain.Shared.RequestLogsMiddleware      - ┌───────────────────────────────────────────────
[16:16:28 INF] SEM5_PI_WEBAPI.Domain.Shared.RequestLogsMiddleware      - │ HTTP POST /api/StaffMembers
[16:16:28 INF] SEM5_PI_WEBAPI.Domain.Shared.RequestLogsMiddleware      - │ From IP: 127.0.0.1
[16:16:28 INF] SEM5_PI_WEBAPI.Domain.Shared.RequestLogsMiddleware      - └───────────────────────────────────────────────
[16:16:28 INF] SEM5_PI_WEBAPI.Domain.Shared.RequestLogsMiddleware      - ──────│ ✔ COMPLETED POST /api/StaffMembers with 201 in 16.043 ms
[16:23:27 INF] SEM5_PI_WEBAPI.Domain.Shared.RequestLogsMiddleware      - ┌───────────────────────────────────────────────
[16:23:27 INF] SEM5_PI_WEBAPI.Domain.Shared.RequestLogsMiddleware      - │ HTTP POST /api/StaffMembers
[16:23:27 INF] SEM5_PI_WEBAPI.Domain.Shared.RequestLogsMiddleware      - │ From IP: 127.0.0.1
[16:23:27 INF] SEM5_PI_WEBAPI.Domain.Shared.RequestLogsMiddleware      - └───────────────────────────────────────────────
[16:23:28 INF] SEM5_PI_WEBAPI.Domain.Shared.RequestLogsMiddleware      - ──────│ ✔ COMPLETED POST /api/StaffMembers with 201 in 1414.205 ms
[16:26:09 INF] SEM5_PI_WEBAPI.Domain.Shared.RequestLogsMiddleware      - ┌───────────────────────────────────────────────
[16:26:09 INF] SEM5_PI_WEBAPI.Domain.Shared.RequestLogsMiddleware      - │ HTTP GET /api/StaffMembers
[16:26:09 INF] SEM5_PI_WEBAPI.Domain.Shared.RequestLogsMiddleware      - │ From IP: 127.0.0.1
[16:26:09 INF] SEM5_PI_WEBAPI.Domain.Shared.RequestLogsMiddleware      - └───────────────────────────────────────────────
[16:26:09 INF] SEM5_PI_WEBAPI.Domain.Shared.RequestLogsMiddleware      - ──────│ ✔ COMPLETED GET /api/StaffMembers with 200 in 52.887 ms
[16:26:12 INF] SEM5_PI_WEBAPI.Domain.Shared.RequestLogsMiddleware      - ┌───────────────────────────────────────────────
[16:26:12 INF] SEM5_PI_WEBAPI.Domain.Shared.RequestLogsMiddleware      - │ HTTP POST /api/StaffMembers
[16:26:12 INF] SEM5_PI_WEBAPI.Domain.Shared.RequestLogsMiddleware      - │ From IP: 127.0.0.1
[16:26:12 INF] SEM5_PI_WEBAPI.Domain.Shared.RequestLogsMiddleware      - └───────────────────────────────────────────────
[16:26:12 INF] SEM5_PI_WEBAPI.Domain.Shared.RequestLogsMiddleware      - ──────│ ✔ COMPLETED POST /api/StaffMembers with 201 in 53.375 ms
[16:26:24 INF] SEM5_PI_WEBAPI.Domain.Shared.RequestLogsMiddleware      - ┌───────────────────────────────────────────────
[16:26:24 INF] SEM5_PI_WEBAPI.Domain.Shared.RequestLogsMiddleware      - │ HTTP GET /api/StaffMembers/a0f285f4-b361-4ca5-a31f-1bfc0ad34f54
[16:26:24 INF] SEM5_PI_WEBAPI.Domain.Shared.RequestLogsMiddleware      - │ From IP: 127.0.0.1
[16:26:24 INF] SEM5_PI_WEBAPI.Domain.Shared.RequestLogsMiddleware      - └───────────────────────────────────────────────
[16:26:24 INF] SEM5_PI_WEBAPI.Domain.Shared.RequestLogsMiddleware      - ──────│ ✔ COMPLETED GET /api/StaffMembers/a0f285f4-b361-4ca5-a31f-1bfc0ad34f54 with 200 in 55.761 ms
[16:27:28 INF] SEM5_PI_WEBAPI.Domain.Shared.RequestLogsMiddleware      - ┌───────────────────────────────────────────────
[16:27:28 INF] SEM5_PI_WEBAPI.Domain.Shared.RequestLogsMiddleware      - │ HTTP GET /api/StaffMembers/mec/1250001
[16:27:28 INF] SEM5_PI_WEBAPI.Domain.Shared.RequestLogsMiddleware      - │ From IP: 127.0.0.1
[16:27:28 INF] SEM5_PI_WEBAPI.Domain.Shared.RequestLogsMiddleware      - └───────────────────────────────────────────────
[16:27:28 INF] SEM5_PI_WEBAPI.Domain.Shared.RequestLogsMiddleware      - ──────│ ✔ COMPLETED GET /api/StaffMembers/mec/1250001 with 200 in 31.2 ms
[16:27:40 INF] SEM5_PI_WEBAPI.Domain.Shared.RequestLogsMiddleware      - ┌───────────────────────────────────────────────
[16:27:40 INF] SEM5_PI_WEBAPI.Domain.Shared.RequestLogsMiddleware      - │ HTTP GET /api/StaffMembers/name/Paulo%20Mendes
[16:27:40 INF] SEM5_PI_WEBAPI.Domain.Shared.RequestLogsMiddleware      - │ From IP: 127.0.0.1
[16:27:40 INF] SEM5_PI_WEBAPI.Domain.Shared.RequestLogsMiddleware      - └───────────────────────────────────────────────
[16:27:40 INF] SEM5_PI_WEBAPI.Domain.Shared.RequestLogsMiddleware      - ──────│ ✔ COMPLETED GET /api/StaffMembers/name/Paulo%20Mendes with 200 in 33.357 ms
[16:27:47 INF] SEM5_PI_WEBAPI.Domain.Shared.RequestLogsMiddleware      - ┌───────────────────────────────────────────────
[16:27:47 INF] SEM5_PI_WEBAPI.Domain.Shared.RequestLogsMiddleware      - │ HTTP GET /api/StaffMembers/status/true
[16:27:47 INF] SEM5_PI_WEBAPI.Domain.Shared.RequestLogsMiddleware      - │ From IP: 127.0.0.1
[16:27:47 INF] SEM5_PI_WEBAPI.Domain.Shared.RequestLogsMiddleware      - └───────────────────────────────────────────────
[16:27:47 INF] SEM5_PI_WEBAPI.Domain.Shared.RequestLogsMiddleware      - ──────│ ✔ COMPLETED GET /api/StaffMembers/status/true with 200 in 31.302 ms
[16:28:51 INF] SEM5_PI_WEBAPI.Domain.Shared.RequestLogsMiddleware      - ┌───────────────────────────────────────────────
[16:28:51 INF] SEM5_PI_WEBAPI.Domain.Shared.RequestLogsMiddleware      - │ HTTP PATCH /api/StaffMembers/a0f285f4-b361-4ca5-a31f-1bfc0ad34f54/toggle
[16:28:51 INF] SEM5_PI_WEBAPI.Domain.Shared.RequestLogsMiddleware      - │ From IP: 127.0.0.1
[16:28:51 INF] SEM5_PI_WEBAPI.Domain.Shared.RequestLogsMiddleware      - └───────────────────────────────────────────────
[16:28:51 INF] SEM5_PI_WEBAPI.Domain.Shared.RequestLogsMiddleware      - ──────│ ✔ COMPLETED PATCH /api/StaffMembers/a0f285f4-b361-4ca5-a31f-1bfc0ad34f54/toggle with 200 in 27.593 ms
[16:28:59 INF] SEM5_PI_WEBAPI.Domain.Shared.RequestLogsMiddleware      - ┌───────────────────────────────────────────────
[16:28:59 INF] SEM5_PI_WEBAPI.Domain.Shared.RequestLogsMiddleware      - │ HTTP GET /api/StaffMembers
[16:28:59 INF] SEM5_PI_WEBAPI.Domain.Shared.RequestLogsMiddleware      - │ From IP: 127.0.0.1
[16:28:59 INF] SEM5_PI_WEBAPI.Domain.Shared.RequestLogsMiddleware      - └───────────────────────────────────────────────
[16:28:59 INF] SEM5_PI_WEBAPI.Domain.Shared.RequestLogsMiddleware      - ──────│ ✔ COMPLETED GET /api/StaffMembers with 200 in 24.549 ms
[16:29:05 INF] SEM5_PI_WEBAPI.Domain.Shared.RequestLogsMiddleware      - ┌───────────────────────────────────────────────
[16:29:05 INF] SEM5_PI_WEBAPI.Domain.Shared.RequestLogsMiddleware      - │ HTTP PATCH /api/StaffMembers/a0f285f4-b361-4ca5-a31f-1bfc0ad34f54/toggle
[16:29:05 INF] SEM5_PI_WEBAPI.Domain.Shared.RequestLogsMiddleware      - │ From IP: 127.0.0.1
[16:29:05 INF] SEM5_PI_WEBAPI.Domain.Shared.RequestLogsMiddleware      - └───────────────────────────────────────────────
[16:29:05 INF] SEM5_PI_WEBAPI.Domain.Shared.RequestLogsMiddleware      - ──────│ ✔ COMPLETED PATCH /api/StaffMembers/a0f285f4-b361-4ca5-a31f-1bfc0ad34f54/toggle with 200 in 7.213 ms
[16:29:59 INF] SEM5_PI_WEBAPI.Domain.Shared.RequestLogsMiddleware      - ┌───────────────────────────────────────────────
[16:29:59 INF] SEM5_PI_WEBAPI.Domain.Shared.RequestLogsMiddleware      - │ HTTP PATCH /api/StaffMembers/a0f285f4-b361-4ca5-a31f-1bfc0ad34f54
[16:29:59 INF] SEM5_PI_WEBAPI.Domain.Shared.RequestLogsMiddleware      - │ From IP: 127.0.0.1
[16:29:59 INF] SEM5_PI_WEBAPI.Domain.Shared.RequestLogsMiddleware      - └───────────────────────────────────────────────
[16:30:00 INF] SEM5_PI_WEBAPI.Domain.Shared.RequestLogsMiddleware      - ──────│ ✔ COMPLETED PATCH /api/StaffMembers/a0f285f4-b361-4ca5-a31f-1bfc0ad34f54 with 200 in 1204.038 ms
[16:30:05 INF] SEM5_PI_WEBAPI.Domain.Shared.RequestLogsMiddleware      - ┌───────────────────────────────────────────────
[16:30:05 INF] SEM5_PI_WEBAPI.Domain.Shared.RequestLogsMiddleware      - │ HTTP GET /api/StaffMembers
[16:30:05 INF] SEM5_PI_WEBAPI.Domain.Shared.RequestLogsMiddleware      - │ From IP: 127.0.0.1
[16:30:05 INF] SEM5_PI_WEBAPI.Domain.Shared.RequestLogsMiddleware      - └───────────────────────────────────────────────
[16:30:05 INF] SEM5_PI_WEBAPI.Domain.Shared.RequestLogsMiddleware      - ──────│ ✔ COMPLETED GET /api/StaffMembers with 200 in 42.584 ms
[16:34:33 INF] SEM5_PI_WEBAPI.Domain.Shared.RequestLogsMiddleware      - ┌───────────────────────────────────────────────
[16:34:33 INF] SEM5_PI_WEBAPI.Domain.Shared.RequestLogsMiddleware      - │ HTTP GET /api/StaffMembers
[16:34:33 INF] SEM5_PI_WEBAPI.Domain.Shared.RequestLogsMiddleware      - │ From IP: 127.0.0.1
[16:34:33 INF] SEM5_PI_WEBAPI.Domain.Shared.RequestLogsMiddleware      - └───────────────────────────────────────────────
[16:34:34 INF] SEM5_PI_WEBAPI.Domain.Shared.RequestLogsMiddleware      - ──────│ ✔ COMPLETED GET /api/StaffMembers with 200 in 1158.903 ms
[16:34:40 INF] SEM5_PI_WEBAPI.Domain.Shared.RequestLogsMiddleware      - ┌───────────────────────────────────────────────
[16:34:40 INF] SEM5_PI_WEBAPI.Domain.Shared.RequestLogsMiddleware      - │ HTTP GET /api/StaffMembers/name/Paulo%20Mendes
[16:34:40 INF] SEM5_PI_WEBAPI.Domain.Shared.RequestLogsMiddleware      - │ From IP: 127.0.0.1
[16:34:40 INF] SEM5_PI_WEBAPI.Domain.Shared.RequestLogsMiddleware      - └───────────────────────────────────────────────
[16:34:40 INF] SEM5_PI_WEBAPI.Domain.Shared.RequestLogsMiddleware      - ──────│ ✔ COMPLETED GET /api/StaffMembers/name/Paulo%20Mendes with 404 in 83.716 ms
[16:34:50 INF] SEM5_PI_WEBAPI.Domain.Shared.RequestLogsMiddleware      - ┌───────────────────────────────────────────────
[16:34:50 INF] SEM5_PI_WEBAPI.Domain.Shared.RequestLogsMiddleware      - │ HTTP GET /api/StaffMembers/mec/1250001
[16:34:50 INF] SEM5_PI_WEBAPI.Domain.Shared.RequestLogsMiddleware      - │ From IP: 127.0.0.1
[16:34:50 INF] SEM5_PI_WEBAPI.Domain.Shared.RequestLogsMiddleware      - └───────────────────────────────────────────────
[16:34:50 INF] SEM5_PI_WEBAPI.Domain.Shared.RequestLogsMiddleware      - ──────│ ✔ COMPLETED GET /api/StaffMembers/mec/1250001 with 200 in 57.807 ms
[16:35:00 INF] SEM5_PI_WEBAPI.Domain.Shared.RequestLogsMiddleware      - ┌───────────────────────────────────────────────
[16:35:00 INF] SEM5_PI_WEBAPI.Domain.Shared.RequestLogsMiddleware      - │ HTTP GET /api/StaffMembers/name/Paulo%20Mendes%20Updated
[16:35:00 INF] SEM5_PI_WEBAPI.Domain.Shared.RequestLogsMiddleware      - │ From IP: 127.0.0.1
[16:35:00 INF] SEM5_PI_WEBAPI.Domain.Shared.RequestLogsMiddleware      - └───────────────────────────────────────────────
[16:35:00 INF] SEM5_PI_WEBAPI.Domain.Shared.RequestLogsMiddleware      - ──────│ ✔ COMPLETED GET /api/StaffMembers/name/Paulo%20Mendes%20Updated with 200 in 54.141 ms
[16:45:22 INF] SEM5_PI_WEBAPI.Domain.Shared.RequestLogsMiddleware      - ┌───────────────────────────────────────────────
[16:45:22 INF] SEM5_PI_WEBAPI.Domain.Shared.RequestLogsMiddleware      - │ HTTP POST /api/StaffMembers
[16:45:22 INF] SEM5_PI_WEBAPI.Domain.Shared.RequestLogsMiddleware      - │ From IP: 127.0.0.1
[16:45:22 INF] SEM5_PI_WEBAPI.Domain.Shared.RequestLogsMiddleware      - └───────────────────────────────────────────────
[16:45:24 INF] SEM5_PI_WEBAPI.Domain.Shared.RequestLogsMiddleware      - ──────│ ✔ COMPLETED POST /api/StaffMembers with 400 in 1393.448 ms
[20:29:58 INF] SEM5_PI_WEBAPI.Domain.Shared.RequestLogsMiddleware      - ┌───────────────────────────────────────────────
[20:29:58 INF] SEM5_PI_WEBAPI.Domain.Shared.RequestLogsMiddleware      - │ HTTP GET /api/Container
[20:29:58 INF] SEM5_PI_WEBAPI.Domain.Shared.RequestLogsMiddleware      - │ From IP: 127.0.0.1
[20:29:58 INF] SEM5_PI_WEBAPI.Domain.Shared.RequestLogsMiddleware      - └───────────────────────────────────────────────
[20:29:59 INF] SEM5_PI_WEBAPI.Domain.Shared.RequestLogsMiddleware      - ──────│ ✔ COMPLETED GET /api/Container with 404 in 1629.571 ms
[20:30:13 INF] SEM5_PI_WEBAPI.Domain.Shared.RequestLogsMiddleware      - ┌───────────────────────────────────────────────
[20:30:13 INF] SEM5_PI_WEBAPI.Domain.Shared.RequestLogsMiddleware      - │ HTTP POST /api/Container
[20:30:13 INF] SEM5_PI_WEBAPI.Domain.Shared.RequestLogsMiddleware      - │ From IP: 127.0.0.1
[20:30:13 INF] SEM5_PI_WEBAPI.Domain.Shared.RequestLogsMiddleware      - └───────────────────────────────────────────────
[20:30:13 INF] SEM5_PI_WEBAPI.Domain.Shared.RequestLogsMiddleware      - ──────│ ✔ COMPLETED POST /api/Container with 400 in 77.336 ms
