[00:00:13 INF] SEM5_PI_WEBAPI.Domain.Shared.RequestLogsMiddleware      - ┌───────────────────────────────────────────────
[00:00:13 INF] SEM5_PI_WEBAPI.Domain.Shared.RequestLogsMiddleware      - │ HTTP GET /api/Vessel/name/Ever%20Given
[00:00:13 INF] SEM5_PI_WEBAPI.Domain.Shared.RequestLogsMiddleware      - │ From IP: 127.0.0.1
[00:00:13 INF] SEM5_PI_WEBAPI.Domain.Shared.RequestLogsMiddleware      - └───────────────────────────────────────────────
[00:00:13 INF] SEM5_PI_WEBAPI.Controllers.VesselController             - API Request: Fetching Vessel with Name = Ever Given
[00:00:13 INF] SEM5_PI_WEBAPI.Domain.Vessels.VesselService             - Business Domain: Request to fetch Vessel with Name = Ever Given
[00:00:13 WRN] SEM5_PI_WEBAPI.Controllers.VesselController             - API Error (404): No Vessel/s were Found with Name : Ever Given
[00:00:13 INF] SEM5_PI_WEBAPI.Domain.Shared.RequestLogsMiddleware      - ──────│ ✔ COMPLETED GET /api/Vessel/name/Ever%20Given with 404 in 6.133 ms
[00:00:20 INF] SEM5_PI_WEBAPI.Domain.Shared.RequestLogsMiddleware      - ┌───────────────────────────────────────────────
[00:00:20 INF] SEM5_PI_WEBAPI.Domain.Shared.RequestLogsMiddleware      - │ HTTP POST /api/Vessel
[00:00:20 INF] SEM5_PI_WEBAPI.Domain.Shared.RequestLogsMiddleware      - │ From IP: 127.0.0.1
[00:00:20 INF] SEM5_PI_WEBAPI.Domain.Shared.RequestLogsMiddleware      - └───────────────────────────────────────────────
[00:00:20 INF] SEM5_PI_WEBAPI.Controllers.VesselController             - API Request: Add Vessel with body = {"ImoNumber":"IMO 9319466","Name":"Ever Given","Owner":"Evergreen Marine","VesselTypeId":{"Value":"b928c0c9-90c8-4e41-9a6d-59ec1ffef048","$type":"VesselTypeId"},"$type":"CreatingVesselDto"}
[00:00:20 INF] SEM5_PI_WEBAPI.Domain.Vessels.VesselService             - Business Domain: Request to add new Vessel with IMO Number = IMO 9319466
[00:00:20 INF] SEM5_PI_WEBAPI.Domain.Vessels.VesselService             - Business Domain: Vessel Created Successfully with IMO Number [IMO 9319466] and System ID [SEM5_PI_WEBAPI.Domain.Vessels.VesselId].
[00:00:20 INF] SEM5_PI_WEBAPI.Controllers.VesselController             - API Response (201): Vessel created with IMO Number [IMO 9319466] and System ID ["650114d6-3832-403e-aeed-fc8515e1ba13"].
[00:00:20 INF] SEM5_PI_WEBAPI.Domain.Shared.RequestLogsMiddleware      - ──────│ ✔ COMPLETED POST /api/Vessel with 201 in 12.875 ms
[00:00:22 INF] SEM5_PI_WEBAPI.Domain.Shared.RequestLogsMiddleware      - ┌───────────────────────────────────────────────
[00:00:22 INF] SEM5_PI_WEBAPI.Domain.Shared.RequestLogsMiddleware      - │ HTTP GET /api/Vessel/name/Ever%20Given
[00:00:22 INF] SEM5_PI_WEBAPI.Domain.Shared.RequestLogsMiddleware      - │ From IP: 127.0.0.1
[00:00:22 INF] SEM5_PI_WEBAPI.Domain.Shared.RequestLogsMiddleware      - └───────────────────────────────────────────────
[00:00:22 INF] SEM5_PI_WEBAPI.Controllers.VesselController             - API Request: Fetching Vessel with Name = Ever Given
[00:00:22 INF] SEM5_PI_WEBAPI.Domain.Vessels.VesselService             - Business Domain: Request to fetch Vessel with Name = Ever Given
[00:00:22 INF] SEM5_PI_WEBAPI.Domain.Vessels.VesselService             - Business Domain: Vessel with Name = Ever Given found successfully.
[00:00:22 WRN] SEM5_PI_WEBAPI.Controllers.VesselController             - API Response (200): Vessel with IMO Number = Ever Given -> FOUND
[00:00:22 INF] SEM5_PI_WEBAPI.Domain.Shared.RequestLogsMiddleware      - ──────│ ✔ COMPLETED GET /api/Vessel/name/Ever%20Given with 200 in 3.536 ms
[00:00:27 INF] SEM5_PI_WEBAPI.Domain.Shared.RequestLogsMiddleware      - ┌───────────────────────────────────────────────
[00:00:27 INF] SEM5_PI_WEBAPI.Domain.Shared.RequestLogsMiddleware      - │ HTTP GET /api/Vessel/imo/imo%209706906
[00:00:27 INF] SEM5_PI_WEBAPI.Domain.Shared.RequestLogsMiddleware      - │ From IP: 127.0.0.1
[00:00:27 INF] SEM5_PI_WEBAPI.Domain.Shared.RequestLogsMiddleware      - └───────────────────────────────────────────────
[00:00:27 INF] SEM5_PI_WEBAPI.Controllers.VesselController             - API Request: Fetching Vessel with IMO Number = imo 9706906
[00:00:27 INF] SEM5_PI_WEBAPI.Domain.Vessels.VesselService             - Business Domain: Request to fetch Vessel with IMO Number = 9706906
[00:00:27 WRN] SEM5_PI_WEBAPI.Controllers.VesselController             - API Error (404): No Vessel Found with IMO Number : 9706906
[00:00:27 INF] SEM5_PI_WEBAPI.Domain.Shared.RequestLogsMiddleware      - ──────│ ✔ COMPLETED GET /api/Vessel/imo/imo%209706906 with 404 in 3.36 ms
[00:00:43 INF] SEM5_PI_WEBAPI.Domain.Shared.RequestLogsMiddleware      - ┌───────────────────────────────────────────────
[00:00:43 INF] SEM5_PI_WEBAPI.Domain.Shared.RequestLogsMiddleware      - │ HTTP POST /api/Vessel
[00:00:43 INF] SEM5_PI_WEBAPI.Domain.Shared.RequestLogsMiddleware      - │ From IP: 127.0.0.1
[00:00:43 INF] SEM5_PI_WEBAPI.Domain.Shared.RequestLogsMiddleware      - └───────────────────────────────────────────────
[00:00:43 INF] SEM5_PI_WEBAPI.Controllers.VesselController             - API Request: Add Vessel with body = {"ImoNumber":"IMO 9706901","Name":"MSC Gulsun","Owner":"OOCL","VesselTypeId":{"Value":"c7798221-c758-47fd-a343-21d49b78c806","$type":"VesselTypeId"},"$type":"CreatingVesselDto"}
[00:00:43 INF] SEM5_PI_WEBAPI.Domain.Vessels.VesselService             - Business Domain: Request to add new Vessel with IMO Number = IMO 9706901
[00:00:43 WRN] SEM5_PI_WEBAPI.Controllers.VesselController             - API Error (404): Invalid IMO Number: Check Digit doesn't match -> Maybe [6].
[00:00:43 INF] SEM5_PI_WEBAPI.Domain.Shared.RequestLogsMiddleware      - ──────│ ✔ COMPLETED POST /api/Vessel with 400 in 2.226 ms
[00:00:49 INF] SEM5_PI_WEBAPI.Domain.Shared.RequestLogsMiddleware      - ┌───────────────────────────────────────────────
[00:00:49 INF] SEM5_PI_WEBAPI.Domain.Shared.RequestLogsMiddleware      - │ HTTP POST /api/Vessel
[00:00:49 INF] SEM5_PI_WEBAPI.Domain.Shared.RequestLogsMiddleware      - │ From IP: 127.0.0.1
[00:00:49 INF] SEM5_PI_WEBAPI.Domain.Shared.RequestLogsMiddleware      - └───────────────────────────────────────────────
[00:00:49 INF] SEM5_PI_WEBAPI.Controllers.VesselController             - API Request: Add Vessel with body = {"ImoNumber":"IMO 9706906","Name":"MSC Gulsun","Owner":"OOCL","VesselTypeId":{"Value":"c7798221-c758-47fd-a343-21d49b78c806","$type":"VesselTypeId"},"$type":"CreatingVesselDto"}
[00:00:49 INF] SEM5_PI_WEBAPI.Domain.Vessels.VesselService             - Business Domain: Request to add new Vessel with IMO Number = IMO 9706906
[00:00:49 WRN] SEM5_PI_WEBAPI.Controllers.VesselController             - API Error (404): Vessel Type with ID 'c7798221-c758-47fd-a343-21d49b78c806' doesn't exists on DB.
[00:00:49 INF] SEM5_PI_WEBAPI.Domain.Shared.RequestLogsMiddleware      - ──────│ ✔ COMPLETED POST /api/Vessel with 400 in 4.55 ms
[00:01:03 INF] SEM5_PI_WEBAPI.Domain.Shared.RequestLogsMiddleware      - ┌───────────────────────────────────────────────
[00:01:03 INF] SEM5_PI_WEBAPI.Domain.Shared.RequestLogsMiddleware      - │ HTTP POST /api/Vessel
[00:01:03 INF] SEM5_PI_WEBAPI.Domain.Shared.RequestLogsMiddleware      - │ From IP: 127.0.0.1
[00:01:03 INF] SEM5_PI_WEBAPI.Domain.Shared.RequestLogsMiddleware      - └───────────────────────────────────────────────
[00:01:03 INF] SEM5_PI_WEBAPI.Controllers.VesselController             - API Request: Add Vessel with body = {"ImoNumber":"IMO 9706906","Name":"MSC Gulsun","Owner":"OOCL","VesselTypeId":{"Value":"b928c0c9-90c8-4e41-9a6d-59ec1ffef048","$type":"VesselTypeId"},"$type":"CreatingVesselDto"}
[00:01:03 INF] SEM5_PI_WEBAPI.Domain.Vessels.VesselService             - Business Domain: Request to add new Vessel with IMO Number = IMO 9706906
[00:01:03 WRN] SEM5_PI_WEBAPI.Controllers.VesselController             - API Error (404): Owner Name must be greater than or equal to 5 caracters.
[00:01:03 INF] SEM5_PI_WEBAPI.Domain.Shared.RequestLogsMiddleware      - ──────│ ✔ COMPLETED POST /api/Vessel with 400 in 7.225 ms
[00:01:15 INF] SEM5_PI_WEBAPI.Domain.Shared.RequestLogsMiddleware      - ┌───────────────────────────────────────────────
[00:01:15 INF] SEM5_PI_WEBAPI.Domain.Shared.RequestLogsMiddleware      - │ HTTP POST /api/Vessel
[00:01:15 INF] SEM5_PI_WEBAPI.Domain.Shared.RequestLogsMiddleware      - │ From IP: 127.0.0.1
[00:01:15 INF] SEM5_PI_WEBAPI.Domain.Shared.RequestLogsMiddleware      - └───────────────────────────────────────────────
[00:01:15 INF] SEM5_PI_WEBAPI.Controllers.VesselController             - API Request: Add Vessel with body = {"ImoNumber":"IMO 9706906","Name":"MSC Gulsun","Owner":"OOCLL","VesselTypeId":{"Value":"b928c0c9-90c8-4e41-9a6d-59ec1ffef048","$type":"VesselTypeId"},"$type":"CreatingVesselDto"}
[00:01:15 INF] SEM5_PI_WEBAPI.Domain.Vessels.VesselService             - Business Domain: Request to add new Vessel with IMO Number = IMO 9706906
[00:01:15 INF] SEM5_PI_WEBAPI.Domain.Vessels.VesselService             - Business Domain: Vessel Created Successfully with IMO Number [IMO 9706906] and System ID [SEM5_PI_WEBAPI.Domain.Vessels.VesselId].
[00:01:15 INF] SEM5_PI_WEBAPI.Controllers.VesselController             - API Response (201): Vessel created with IMO Number [IMO 9706906] and System ID ["09cf3849-03e7-4de3-8ef9-95353640a4bf"].
[00:01:15 INF] SEM5_PI_WEBAPI.Domain.Shared.RequestLogsMiddleware      - ──────│ ✔ COMPLETED POST /api/Vessel with 201 in 5.812 ms
[00:01:44 INF] SEM5_PI_WEBAPI.Domain.Shared.RequestLogsMiddleware      - ┌───────────────────────────────────────────────
[00:01:44 INF] SEM5_PI_WEBAPI.Domain.Shared.RequestLogsMiddleware      - │ HTTP GET /api/Vessel/name/MSC%20Gulsun
[00:01:44 INF] SEM5_PI_WEBAPI.Domain.Shared.RequestLogsMiddleware      - │ From IP: 127.0.0.1
[00:01:44 INF] SEM5_PI_WEBAPI.Domain.Shared.RequestLogsMiddleware      - └───────────────────────────────────────────────
[00:01:44 INF] SEM5_PI_WEBAPI.Controllers.VesselController             - API Request: Fetching Vessel with Name = MSC Gulsun
[00:01:44 INF] SEM5_PI_WEBAPI.Domain.Vessels.VesselService             - Business Domain: Request to fetch Vessel with Name = MSC Gulsun
[00:01:44 INF] SEM5_PI_WEBAPI.Domain.Vessels.VesselService             - Business Domain: Vessel with Name = MSC Gulsun found successfully.
[00:01:44 WRN] SEM5_PI_WEBAPI.Controllers.VesselController             - API Response (200): Vessel with IMO Number = MSC Gulsun -> FOUND
[00:01:44 INF] SEM5_PI_WEBAPI.Domain.Shared.RequestLogsMiddleware      - ──────│ ✔ COMPLETED GET /api/Vessel/name/MSC%20Gulsun with 200 in 3.404 ms
[00:02:17 INF] SEM5_PI_WEBAPI.Domain.Shared.RequestLogsMiddleware      - ┌───────────────────────────────────────────────
[00:02:17 INF] SEM5_PI_WEBAPI.Domain.Shared.RequestLogsMiddleware      - │ HTTP GET /api/Vessel
[00:02:17 INF] SEM5_PI_WEBAPI.Domain.Shared.RequestLogsMiddleware      - │ From IP: 127.0.0.1
[00:02:17 INF] SEM5_PI_WEBAPI.Domain.Shared.RequestLogsMiddleware      - └───────────────────────────────────────────────
[00:02:17 INF] SEM5_PI_WEBAPI.Controllers.VesselController             - API Request: Get All Vessels on DataBase
[00:02:17 INF] SEM5_PI_WEBAPI.Domain.Vessels.VesselService             - Business Domain: Request to fetch all Vessels.
[00:02:17 INF] SEM5_PI_WEBAPI.Domain.Vessels.VesselService             - Business Domain: Found [3] Vessel in database.
[00:02:17 INF] SEM5_PI_WEBAPI.Domain.Vessels.VesselService             - Business Domain: Returning [3] Vessels DTOs.
[00:02:17 WRN] SEM5_PI_WEBAPI.Controllers.VesselController             - API Response (200): A total of 3 were found -> [{"Id":"020044c7-27f3-4cd9-9e96-7043bbe415b7","ImoNumber":{"Value":"9399014","$type":"ImoNumber"},"Name":"MSC Gulsun","Owner":"Mediterranean Shipping Company","VesselTypeId":{"Value":"b928c0c9-90c8-4e41-9a6d-59ec1ffef048","$type":"VesselTypeId"},"$type":"VesselDto"},{"Id":"650114d6-3832-403e-aeed-fc8515e1ba13","ImoNumber":{"Value":"9319466","$type":"ImoNumber"},"Name":"Ever Given","Owner":"Evergreen Marine","VesselTypeId":{"Value":"b928c0c9-90c8-4e41-9a6d-59ec1ffef048","$type":"VesselTypeId"},"$type":"VesselDto"},{"Id":"09cf3849-03e7-4de3-8ef9-95353640a4bf","ImoNumber":{"Value":"9706906","$type":"ImoNumber"},"Name":"MSC Gulsun","Owner":"OOCLL","VesselTypeId":{"Value":"b928c0c9-90c8-4e41-9a6d-59ec1ffef048","$type":"VesselTypeId"},"$type":"VesselDto"}]
[00:02:17 INF] SEM5_PI_WEBAPI.Domain.Shared.RequestLogsMiddleware      - ──────│ ✔ COMPLETED GET /api/Vessel with 200 in 4.576 ms
[00:03:41 INF] SEM5_PI_WEBAPI.Domain.Shared.RequestLogsMiddleware      - ┌───────────────────────────────────────────────
[00:03:41 INF] SEM5_PI_WEBAPI.Domain.Shared.RequestLogsMiddleware      - │ HTTP GET /api/Vessel/name/
[00:03:41 INF] SEM5_PI_WEBAPI.Domain.Shared.RequestLogsMiddleware      - │ From IP: 127.0.0.1
[00:03:41 INF] SEM5_PI_WEBAPI.Domain.Shared.RequestLogsMiddleware      - └───────────────────────────────────────────────
[00:03:41 INF] SEM5_PI_WEBAPI.Domain.Shared.RequestLogsMiddleware      - ──────│ ✔ COMPLETED GET /api/Vessel/name/ with 404 in 0.117 ms
[00:03:55 INF] SEM5_PI_WEBAPI.Domain.Shared.RequestLogsMiddleware      - ┌───────────────────────────────────────────────
[00:03:55 INF] SEM5_PI_WEBAPI.Domain.Shared.RequestLogsMiddleware      - │ HTTP GET /api/Vessel/name/
[00:03:55 INF] SEM5_PI_WEBAPI.Domain.Shared.RequestLogsMiddleware      - │ From IP: 127.0.0.1
[00:03:55 INF] SEM5_PI_WEBAPI.Domain.Shared.RequestLogsMiddleware      - └───────────────────────────────────────────────
[00:03:55 INF] SEM5_PI_WEBAPI.Domain.Shared.RequestLogsMiddleware      - ──────│ ✔ COMPLETED GET /api/Vessel/name/ with 404 in 0.123 ms
[00:04:59 INF] SEM5_PI_WEBAPI.Domain.Shared.RequestLogsMiddleware      - ┌───────────────────────────────────────────────
[00:04:59 INF] SEM5_PI_WEBAPI.Domain.Shared.RequestLogsMiddleware      - │ HTTP GET /api/Vessel/name/
[00:04:59 INF] SEM5_PI_WEBAPI.Domain.Shared.RequestLogsMiddleware      - │ From IP: 127.0.0.1
[00:04:59 INF] SEM5_PI_WEBAPI.Domain.Shared.RequestLogsMiddleware      - └───────────────────────────────────────────────
[00:04:59 INF] SEM5_PI_WEBAPI.Domain.Shared.RequestLogsMiddleware      - ──────│ ✔ COMPLETED GET /api/Vessel/name/ with 404 in 0.052 ms
[00:19:19 INF] SEM5_PI_WEBAPI.Domain.Shared.RequestLogsMiddleware      - ┌───────────────────────────────────────────────
[00:19:19 INF] SEM5_PI_WEBAPI.Domain.Shared.RequestLogsMiddleware      - │ HTTP GET /api/Vessel/owner/Evergreen%20Marine
[00:19:19 INF] SEM5_PI_WEBAPI.Domain.Shared.RequestLogsMiddleware      - │ From IP: 127.0.0.1
[00:19:19 INF] SEM5_PI_WEBAPI.Domain.Shared.RequestLogsMiddleware      - └───────────────────────────────────────────────
[00:19:20 INF] SEM5_PI_WEBAPI.Controllers.VesselController             - API Request: Fetching Vessel with Owner = Evergreen Marine
[00:19:20 INF] SEM5_PI_WEBAPI.Domain.Vessels.VesselService             - Business Domain: Request to fetch Vessel with Owner = Evergreen Marine
[00:19:21 INF] SEM5_PI_WEBAPI.Domain.Vessels.VesselService             - Business Domain: Vessel with Owner = Evergreen Marine found successfully.
[00:19:21 WRN] SEM5_PI_WEBAPI.Controllers.VesselController             - API Response (200): Vessel with Owner = Evergreen Marine -> FOUND
[00:19:21 INF] SEM5_PI_WEBAPI.Domain.Shared.RequestLogsMiddleware      - ──────│ ✔ COMPLETED GET /api/Vessel/owner/Evergreen%20Marine with 200 in 1627.703 ms
[00:19:26 INF] SEM5_PI_WEBAPI.Domain.Shared.RequestLogsMiddleware      - ┌───────────────────────────────────────────────
[00:19:26 INF] SEM5_PI_WEBAPI.Domain.Shared.RequestLogsMiddleware      - │ HTTP GET /api/Vessel/owner/Evergreen%20Marinee
[00:19:26 INF] SEM5_PI_WEBAPI.Domain.Shared.RequestLogsMiddleware      - │ From IP: 127.0.0.1
[00:19:26 INF] SEM5_PI_WEBAPI.Domain.Shared.RequestLogsMiddleware      - └───────────────────────────────────────────────
[00:19:26 INF] SEM5_PI_WEBAPI.Controllers.VesselController             - API Request: Fetching Vessel with Owner = Evergreen Marinee
[00:19:26 INF] SEM5_PI_WEBAPI.Domain.Vessels.VesselService             - Business Domain: Request to fetch Vessel with Owner = Evergreen Marinee
[00:19:26 WRN] SEM5_PI_WEBAPI.Controllers.VesselController             - API Error (404): No Vessel/s were Found with Owner : Evergreen Marinee
[00:19:26 INF] SEM5_PI_WEBAPI.Domain.Shared.RequestLogsMiddleware      - ──────│ ✔ COMPLETED GET /api/Vessel/owner/Evergreen%20Marinee with 404 in 21.368 ms
[10:40:59 INF] SEM5_PI_WEBAPI.Domain.Shared.RequestLogsMiddleware      - ┌───────────────────────────────────────────────
[10:40:59 INF] SEM5_PI_WEBAPI.Domain.Shared.RequestLogsMiddleware      - │ HTTP GET /api/Vessel
[10:40:59 INF] SEM5_PI_WEBAPI.Domain.Shared.RequestLogsMiddleware      - │ From IP: 127.0.0.1
[10:40:59 INF] SEM5_PI_WEBAPI.Domain.Shared.RequestLogsMiddleware      - └───────────────────────────────────────────────
[10:40:59 INF] SEM5_PI_WEBAPI.Controllers.VesselController             - API Request: Get All Vessels on DataBase
[10:40:59 INF] SEM5_PI_WEBAPI.Domain.Vessels.VesselService             - Business Domain: Request to fetch all Vessels.
[10:41:00 INF] SEM5_PI_WEBAPI.Domain.Vessels.VesselService             - Business Domain: Found [3] Vessel in database.
[10:41:00 INF] SEM5_PI_WEBAPI.Domain.Vessels.VesselService             - Business Domain: Returning [3] Vessels DTOs.
[10:41:00 WRN] SEM5_PI_WEBAPI.Controllers.VesselController             - API Response (200): A total of 3 were found -> [{"Id":"020044c7-27f3-4cd9-9e96-7043bbe415b7","ImoNumber":{"Value":"9399014","$type":"ImoNumber"},"Name":"MSC Gulsun","Owner":"Mediterranean Shipping Company","VesselTypeId":{"Value":"b928c0c9-90c8-4e41-9a6d-59ec1ffef048","$type":"VesselTypeId"},"$type":"VesselDto"},{"Id":"650114d6-3832-403e-aeed-fc8515e1ba13","ImoNumber":{"Value":"9319466","$type":"ImoNumber"},"Name":"Ever Given","Owner":"Evergreen Marine","VesselTypeId":{"Value":"b928c0c9-90c8-4e41-9a6d-59ec1ffef048","$type":"VesselTypeId"},"$type":"VesselDto"},{"Id":"09cf3849-03e7-4de3-8ef9-95353640a4bf","ImoNumber":{"Value":"9706906","$type":"ImoNumber"},"Name":"MSC Gulsun","Owner":"OOCLL","VesselTypeId":{"Value":"b928c0c9-90c8-4e41-9a6d-59ec1ffef048","$type":"VesselTypeId"},"$type":"VesselDto"}]
[10:41:00 INF] SEM5_PI_WEBAPI.Domain.Shared.RequestLogsMiddleware      - ──────│ ✔ COMPLETED GET /api/Vessel with 200 in 1428.781 ms
[10:41:31 INF] SEM5_PI_WEBAPI.Domain.Shared.RequestLogsMiddleware      - ┌───────────────────────────────────────────────
[10:41:31 INF] SEM5_PI_WEBAPI.Domain.Shared.RequestLogsMiddleware      - │ HTTP GET /api/Vessel
[10:41:31 INF] SEM5_PI_WEBAPI.Domain.Shared.RequestLogsMiddleware      - │ From IP: 127.0.0.1
[10:41:31 INF] SEM5_PI_WEBAPI.Domain.Shared.RequestLogsMiddleware      - └───────────────────────────────────────────────
[10:41:31 INF] SEM5_PI_WEBAPI.Controllers.VesselController             - API Request: Get All Vessels on DataBase
[10:41:31 INF] SEM5_PI_WEBAPI.Domain.Vessels.VesselService             - Business Domain: Request to fetch all Vessels.
[10:41:31 WRN] SEM5_PI_WEBAPI.Controllers.VesselController             - API Response (404): No Vessels found on DataBase
[10:41:31 INF] SEM5_PI_WEBAPI.Domain.Shared.RequestLogsMiddleware      - ──────│ ✔ COMPLETED GET /api/Vessel with 404 in 26.08 ms
[12:01:37 INF] SEM5_PI_WEBAPI.Domain.Shared.RequestLogsMiddleware      - ┌───────────────────────────────────────────────
[12:01:37 INF] SEM5_PI_WEBAPI.Domain.Shared.RequestLogsMiddleware      - │ HTTP GET /api/Vessel
[12:01:37 INF] SEM5_PI_WEBAPI.Domain.Shared.RequestLogsMiddleware      - │ From IP: 127.0.0.1
[12:01:37 INF] SEM5_PI_WEBAPI.Domain.Shared.RequestLogsMiddleware      - └───────────────────────────────────────────────
[12:01:38 INF] SEM5_PI_WEBAPI.Controllers.VesselController             - API Request: Get All Vessels on DataBase
[12:01:38 INF] SEM5_PI_WEBAPI.Domain.Vessels.VesselService             - Business Domain: Request to fetch all Vessels.
[12:01:39 WRN] SEM5_PI_WEBAPI.Controllers.VesselController             - API Response (404): No Vessels found on DataBase
[12:01:39 INF] SEM5_PI_WEBAPI.Domain.Shared.RequestLogsMiddleware      - ──────│ ✔ COMPLETED GET /api/Vessel with 404 in 1308.284 ms
[12:01:51 INF] SEM5_PI_WEBAPI.Domain.Shared.RequestLogsMiddleware      - ┌───────────────────────────────────────────────
[12:01:51 INF] SEM5_PI_WEBAPI.Domain.Shared.RequestLogsMiddleware      - │ HTTP POST /api/Vessel
[12:01:51 INF] SEM5_PI_WEBAPI.Domain.Shared.RequestLogsMiddleware      - │ From IP: 127.0.0.1
[12:01:51 INF] SEM5_PI_WEBAPI.Domain.Shared.RequestLogsMiddleware      - └───────────────────────────────────────────────
[12:01:51 INF] SEM5_PI_WEBAPI.Controllers.VesselController             - API Request: Add Vessel with body = {"ImoNumber":"IMO 9319466","Name":"Ever Given","Owner":"Evergreen Marine","VesselTypeId":{"Value":"b928c0c9-90c8-4e41-9a6d-59ec1ffef048","$type":"VesselTypeId"},"$type":"CreatingVesselDto"}
[12:01:51 INF] SEM5_PI_WEBAPI.Domain.Vessels.VesselService             - Business Domain: Request to add new Vessel with IMO Number = IMO 9319466
[12:01:52 INF] SEM5_PI_WEBAPI.Domain.Vessels.VesselService             - Business Domain: Vessel Created Successfully with IMO Number [IMO 9319466] and System ID [SEM5_PI_WEBAPI.Domain.Vessels.VesselId].
[12:01:52 INF] SEM5_PI_WEBAPI.Controllers.VesselController             - API Response (201): Vessel created with IMO Number [IMO 9319466] and System ID ["69a96a9a-ebf5-4aee-8174-744c5674428d"].
[12:01:52 INF] SEM5_PI_WEBAPI.Domain.Shared.RequestLogsMiddleware      - ──────│ ✔ COMPLETED POST /api/Vessel with 201 in 485.244 ms
[12:02:01 INF] SEM5_PI_WEBAPI.Domain.Shared.RequestLogsMiddleware      - ┌───────────────────────────────────────────────
[12:02:01 INF] SEM5_PI_WEBAPI.Domain.Shared.RequestLogsMiddleware      - │ HTTP GET /api/Vessel
[12:02:01 INF] SEM5_PI_WEBAPI.Domain.Shared.RequestLogsMiddleware      - │ From IP: 127.0.0.1
[12:02:01 INF] SEM5_PI_WEBAPI.Domain.Shared.RequestLogsMiddleware      - └───────────────────────────────────────────────
[12:02:01 INF] SEM5_PI_WEBAPI.Controllers.VesselController             - API Request: Get All Vessels on DataBase
[12:02:01 INF] SEM5_PI_WEBAPI.Domain.Vessels.VesselService             - Business Domain: Request to fetch all Vessels.
[12:02:01 INF] SEM5_PI_WEBAPI.Domain.Vessels.VesselService             - Business Domain: Found [1] Vessel in database.
[12:02:01 INF] SEM5_PI_WEBAPI.Domain.Vessels.VesselService             - Business Domain: Returning [1] Vessels DTOs.
[12:02:01 WRN] SEM5_PI_WEBAPI.Controllers.VesselController             - API Response (200): A total of 1 were found -> [{"Id":"69a96a9a-ebf5-4aee-8174-744c5674428d","ImoNumber":{"Value":"9319466","$type":"ImoNumber"},"Name":"Ever Given","Owner":"Evergreen Marine","VesselTypeId":{"Value":"b928c0c9-90c8-4e41-9a6d-59ec1ffef048","$type":"VesselTypeId"},"$type":"VesselDto"}]
[12:02:01 INF] SEM5_PI_WEBAPI.Domain.Shared.RequestLogsMiddleware      - ──────│ ✔ COMPLETED GET /api/Vessel with 200 in 68.45 ms
[12:02:10 INF] SEM5_PI_WEBAPI.Domain.Shared.RequestLogsMiddleware      - ┌───────────────────────────────────────────────
[12:02:10 INF] SEM5_PI_WEBAPI.Domain.Shared.RequestLogsMiddleware      - │ HTTP PATCH /api/vessel/imo/IMO%209319466
[12:02:10 INF] SEM5_PI_WEBAPI.Domain.Shared.RequestLogsMiddleware      - │ From IP: 127.0.0.1
[12:02:10 INF] SEM5_PI_WEBAPI.Domain.Shared.RequestLogsMiddleware      - └───────────────────────────────────────────────
[12:02:10 INF] SEM5_PI_WEBAPI.Controllers.VesselController             - API Request: Partial update for Vessel with IMO = IMO 9319466
[12:02:10 INF] SEM5_PI_WEBAPI.Controllers.VesselController             - API Response (200): Vessel with IMO = IMO 9319466 patched successfully
[12:02:10 INF] SEM5_PI_WEBAPI.Domain.Shared.RequestLogsMiddleware      - ──────│ ✔ COMPLETED PATCH /api/vessel/imo/IMO%209319466 with 200 in 27.354 ms
[12:02:15 INF] SEM5_PI_WEBAPI.Domain.Shared.RequestLogsMiddleware      - ┌───────────────────────────────────────────────
[12:02:15 INF] SEM5_PI_WEBAPI.Domain.Shared.RequestLogsMiddleware      - │ HTTP GET /api/Vessel/imo/imo%209706906
[12:02:15 INF] SEM5_PI_WEBAPI.Domain.Shared.RequestLogsMiddleware      - │ From IP: 127.0.0.1
[12:02:15 INF] SEM5_PI_WEBAPI.Domain.Shared.RequestLogsMiddleware      - └───────────────────────────────────────────────
[12:02:15 INF] SEM5_PI_WEBAPI.Controllers.VesselController             - API Request: Fetching Vessel with IMO Number = imo 9706906
[12:02:15 INF] SEM5_PI_WEBAPI.Domain.Vessels.VesselService             - Business Domain: Request to fetch Vessel with IMO Number = 9706906
[12:02:15 WRN] SEM5_PI_WEBAPI.Controllers.VesselController             - API Response (404): No Vessel Found with IMO Number : 9706906
[12:02:15 INF] SEM5_PI_WEBAPI.Domain.Shared.RequestLogsMiddleware      - ──────│ ✔ COMPLETED GET /api/Vessel/imo/imo%209706906 with 404 in 8.275 ms
[12:02:23 INF] SEM5_PI_WEBAPI.Domain.Shared.RequestLogsMiddleware      - ┌───────────────────────────────────────────────
[12:02:23 INF] SEM5_PI_WEBAPI.Domain.Shared.RequestLogsMiddleware      - │ HTTP GET /api/Vessel
[12:02:23 INF] SEM5_PI_WEBAPI.Domain.Shared.RequestLogsMiddleware      - │ From IP: 127.0.0.1
[12:02:23 INF] SEM5_PI_WEBAPI.Domain.Shared.RequestLogsMiddleware      - └───────────────────────────────────────────────
[12:02:23 INF] SEM5_PI_WEBAPI.Controllers.VesselController             - API Request: Get All Vessels on DataBase
[12:02:23 INF] SEM5_PI_WEBAPI.Domain.Vessels.VesselService             - Business Domain: Request to fetch all Vessels.
[12:02:23 INF] SEM5_PI_WEBAPI.Domain.Vessels.VesselService             - Business Domain: Found [1] Vessel in database.
[12:02:23 INF] SEM5_PI_WEBAPI.Domain.Vessels.VesselService             - Business Domain: Returning [1] Vessels DTOs.
[12:02:23 WRN] SEM5_PI_WEBAPI.Controllers.VesselController             - API Response (200): A total of 1 were found -> [{"Id":"69a96a9a-ebf5-4aee-8174-744c5674428d","ImoNumber":{"Value":"9319466","$type":"ImoNumber"},"Name":"Ever Strong","Owner":"Evergreen Marine Ltd","VesselTypeId":{"Value":"b928c0c9-90c8-4e41-9a6d-59ec1ffef048","$type":"VesselTypeId"},"$type":"VesselDto"}]
[12:02:23 INF] SEM5_PI_WEBAPI.Domain.Shared.RequestLogsMiddleware      - ──────│ ✔ COMPLETED GET /api/Vessel with 200 in 3.905 ms
[12:02:36 INF] SEM5_PI_WEBAPI.Domain.Shared.RequestLogsMiddleware      - ┌───────────────────────────────────────────────
[12:02:36 INF] SEM5_PI_WEBAPI.Domain.Shared.RequestLogsMiddleware      - │ HTTP PATCH /api/vessel/imo/IMO%209319466
[12:02:36 INF] SEM5_PI_WEBAPI.Domain.Shared.RequestLogsMiddleware      - │ From IP: 127.0.0.1
[12:02:36 INF] SEM5_PI_WEBAPI.Domain.Shared.RequestLogsMiddleware      - └───────────────────────────────────────────────
[12:02:36 INF] SEM5_PI_WEBAPI.Domain.Shared.RequestLogsMiddleware      - ──────│ ✔ COMPLETED PATCH /api/vessel/imo/IMO%209319466 with 400 in 20.341 ms
[12:04:02 INF] SEM5_PI_WEBAPI.Domain.Shared.RequestLogsMiddleware      - ┌───────────────────────────────────────────────
[12:04:02 INF] SEM5_PI_WEBAPI.Domain.Shared.RequestLogsMiddleware      - │ HTTP PATCH /api/vessel/imo/IMO%209319466
[12:04:02 INF] SEM5_PI_WEBAPI.Domain.Shared.RequestLogsMiddleware      - │ From IP: 127.0.0.1
[12:04:02 INF] SEM5_PI_WEBAPI.Domain.Shared.RequestLogsMiddleware      - └───────────────────────────────────────────────
[12:04:02 INF] SEM5_PI_WEBAPI.Domain.Shared.RequestLogsMiddleware      - ──────│ ✔ COMPLETED PATCH /api/vessel/imo/IMO%209319466 with 400 in 7.067 ms
[12:05:54 INF] SEM5_PI_WEBAPI.Domain.Shared.RequestLogsMiddleware      - ┌───────────────────────────────────────────────
[12:05:54 INF] SEM5_PI_WEBAPI.Domain.Shared.RequestLogsMiddleware      - │ HTTP GET /api/Vessel
[12:05:54 INF] SEM5_PI_WEBAPI.Domain.Shared.RequestLogsMiddleware      - │ From IP: 127.0.0.1
[12:05:54 INF] SEM5_PI_WEBAPI.Domain.Shared.RequestLogsMiddleware      - └───────────────────────────────────────────────
[12:05:54 INF] SEM5_PI_WEBAPI.Controllers.VesselController             - API Request: Get All Vessels on DataBase
[12:05:54 INF] SEM5_PI_WEBAPI.Domain.Vessels.VesselService             - Business Domain: Request to fetch all Vessels.
[12:05:55 INF] SEM5_PI_WEBAPI.Domain.Vessels.VesselService             - Business Domain: Found [1] Vessel in database.
[12:05:55 INF] SEM5_PI_WEBAPI.Domain.Vessels.VesselService             - Business Domain: Returning [1] Vessels DTOs.
[12:05:55 WRN] SEM5_PI_WEBAPI.Controllers.VesselController             - API Response (200): A total of 1 were found -> [{"Id":"69a96a9a-ebf5-4aee-8174-744c5674428d","ImoNumber":{"Value":"9319466","$type":"ImoNumber"},"Name":"Ever Strong","Owner":"Evergreen Marine Ltd","VesselTypeId":{"Value":"b928c0c9-90c8-4e41-9a6d-59ec1ffef048","$type":"VesselTypeId"},"$type":"VesselDto"}]
[12:05:55 INF] SEM5_PI_WEBAPI.Domain.Shared.RequestLogsMiddleware      - ──────│ ✔ COMPLETED GET /api/Vessel with 200 in 1472.209 ms
[12:05:59 INF] SEM5_PI_WEBAPI.Domain.Shared.RequestLogsMiddleware      - ┌───────────────────────────────────────────────
[12:05:59 INF] SEM5_PI_WEBAPI.Domain.Shared.RequestLogsMiddleware      - │ HTTP PATCH /api/vessel/imo/IMO%209319466
[12:05:59 INF] SEM5_PI_WEBAPI.Domain.Shared.RequestLogsMiddleware      - │ From IP: 127.0.0.1
[12:05:59 INF] SEM5_PI_WEBAPI.Domain.Shared.RequestLogsMiddleware      - └───────────────────────────────────────────────
[12:05:59 INF] SEM5_PI_WEBAPI.Controllers.VesselController             - API Request: Partial update for Vessel with IMO = IMO 9319466
[12:05:59 INF] SEM5_PI_WEBAPI.Controllers.VesselController             - API Response (200): Vessel with IMO = IMO 9319466 patched successfully
[12:05:59 INF] SEM5_PI_WEBAPI.Domain.Shared.RequestLogsMiddleware      - ──────│ ✔ COMPLETED PATCH /api/vessel/imo/IMO%209319466 with 200 in 207.529 ms
[12:06:04 INF] SEM5_PI_WEBAPI.Domain.Shared.RequestLogsMiddleware      - ┌───────────────────────────────────────────────
[12:06:04 INF] SEM5_PI_WEBAPI.Domain.Shared.RequestLogsMiddleware      - │ HTTP PATCH /api/vessel/imo/IMO%209319466
[12:06:04 INF] SEM5_PI_WEBAPI.Domain.Shared.RequestLogsMiddleware      - │ From IP: 127.0.0.1
[12:06:04 INF] SEM5_PI_WEBAPI.Domain.Shared.RequestLogsMiddleware      - └───────────────────────────────────────────────
[12:06:04 INF] SEM5_PI_WEBAPI.Controllers.VesselController             - API Request: Partial update for Vessel with IMO = IMO 9319466
[12:06:04 INF] SEM5_PI_WEBAPI.Controllers.VesselController             - API Response (200): Vessel with IMO = IMO 9319466 patched successfully
[12:06:04 INF] SEM5_PI_WEBAPI.Domain.Shared.RequestLogsMiddleware      - ──────│ ✔ COMPLETED PATCH /api/vessel/imo/IMO%209319466 with 200 in 41.278 ms
[12:06:14 INF] SEM5_PI_WEBAPI.Domain.Shared.RequestLogsMiddleware      - ┌───────────────────────────────────────────────
[12:06:14 INF] SEM5_PI_WEBAPI.Domain.Shared.RequestLogsMiddleware      - │ HTTP GET /api/Vessel/imo/imo%209706906
[12:06:14 INF] SEM5_PI_WEBAPI.Domain.Shared.RequestLogsMiddleware      - │ From IP: 127.0.0.1
[12:06:14 INF] SEM5_PI_WEBAPI.Domain.Shared.RequestLogsMiddleware      - └───────────────────────────────────────────────
[12:06:14 INF] SEM5_PI_WEBAPI.Controllers.VesselController             - API Request: Fetching Vessel with IMO Number = imo 9706906
[12:06:14 INF] SEM5_PI_WEBAPI.Domain.Vessels.VesselService             - Business Domain: Request to fetch Vessel with IMO Number = 9706906
[12:06:14 WRN] SEM5_PI_WEBAPI.Controllers.VesselController             - API Response (404): No Vessel Found with IMO Number : 9706906
[12:06:14 INF] SEM5_PI_WEBAPI.Domain.Shared.RequestLogsMiddleware      - ──────│ ✔ COMPLETED GET /api/Vessel/imo/imo%209706906 with 404 in 9.239 ms
[12:06:17 INF] SEM5_PI_WEBAPI.Domain.Shared.RequestLogsMiddleware      - ┌───────────────────────────────────────────────
[12:06:17 INF] SEM5_PI_WEBAPI.Domain.Shared.RequestLogsMiddleware      - │ HTTP GET /api/Vessel
[12:06:17 INF] SEM5_PI_WEBAPI.Domain.Shared.RequestLogsMiddleware      - │ From IP: 127.0.0.1
[12:06:17 INF] SEM5_PI_WEBAPI.Domain.Shared.RequestLogsMiddleware      - └───────────────────────────────────────────────
[12:06:17 INF] SEM5_PI_WEBAPI.Controllers.VesselController             - API Request: Get All Vessels on DataBase
[12:06:17 INF] SEM5_PI_WEBAPI.Domain.Vessels.VesselService             - Business Domain: Request to fetch all Vessels.
[12:06:17 INF] SEM5_PI_WEBAPI.Domain.Vessels.VesselService             - Business Domain: Found [1] Vessel in database.
[12:06:17 INF] SEM5_PI_WEBAPI.Domain.Vessels.VesselService             - Business Domain: Returning [1] Vessels DTOs.
[12:06:17 WRN] SEM5_PI_WEBAPI.Controllers.VesselController             - API Response (200): A total of 1 were found -> [{"Id":"69a96a9a-ebf5-4aee-8174-744c5674428d","ImoNumber":{"Value":"9319466","$type":"ImoNumber"},"Name":"Ever Strong","Owner":"Evergreen Marine Ltdddd","VesselTypeId":{"Value":"b928c0c9-90c8-4e41-9a6d-59ec1ffef048","$type":"VesselTypeId"},"$type":"VesselDto"}]
[12:06:17 INF] SEM5_PI_WEBAPI.Domain.Shared.RequestLogsMiddleware      - ──────│ ✔ COMPLETED GET /api/Vessel with 200 in 4.358 ms
[12:06:47 INF] SEM5_PI_WEBAPI.Domain.Shared.RequestLogsMiddleware      - ┌───────────────────────────────────────────────
[12:06:47 INF] SEM5_PI_WEBAPI.Domain.Shared.RequestLogsMiddleware      - │ HTTP PATCH /api/vessel/imo/IMO%209319466
[12:06:47 INF] SEM5_PI_WEBAPI.Domain.Shared.RequestLogsMiddleware      - │ From IP: 127.0.0.1
[12:06:47 INF] SEM5_PI_WEBAPI.Domain.Shared.RequestLogsMiddleware      - └───────────────────────────────────────────────
[12:06:47 INF] SEM5_PI_WEBAPI.Controllers.VesselController             - API Request: Partial update for Vessel with IMO = IMO 9319466
[12:06:47 INF] SEM5_PI_WEBAPI.Controllers.VesselController             - API Response (200): Vessel with IMO = IMO 9319466 patched successfully
[12:06:47 INF] SEM5_PI_WEBAPI.Domain.Shared.RequestLogsMiddleware      - ──────│ ✔ COMPLETED PATCH /api/vessel/imo/IMO%209319466 with 200 in 21.252 ms
[12:06:56 INF] SEM5_PI_WEBAPI.Domain.Shared.RequestLogsMiddleware      - ┌───────────────────────────────────────────────
[12:06:56 INF] SEM5_PI_WEBAPI.Domain.Shared.RequestLogsMiddleware      - │ HTTP GET /api/Vessel
[12:06:56 INF] SEM5_PI_WEBAPI.Domain.Shared.RequestLogsMiddleware      - │ From IP: 127.0.0.1
[12:06:56 INF] SEM5_PI_WEBAPI.Domain.Shared.RequestLogsMiddleware      - └───────────────────────────────────────────────
[12:06:56 INF] SEM5_PI_WEBAPI.Controllers.VesselController             - API Request: Get All Vessels on DataBase
[12:06:56 INF] SEM5_PI_WEBAPI.Domain.Vessels.VesselService             - Business Domain: Request to fetch all Vessels.
[12:06:56 INF] SEM5_PI_WEBAPI.Domain.Vessels.VesselService             - Business Domain: Found [1] Vessel in database.
[12:06:56 INF] SEM5_PI_WEBAPI.Domain.Vessels.VesselService             - Business Domain: Returning [1] Vessels DTOs.
[12:06:56 WRN] SEM5_PI_WEBAPI.Controllers.VesselController             - API Response (200): A total of 1 were found -> [{"Id":"69a96a9a-ebf5-4aee-8174-744c5674428d","ImoNumber":{"Value":"9319466","$type":"ImoNumber"},"Name":"Jorge Ubaldo","Owner":"Evergreen Marine Ltdddd","VesselTypeId":{"Value":"b928c0c9-90c8-4e41-9a6d-59ec1ffef048","$type":"VesselTypeId"},"$type":"VesselDto"}]
[12:06:56 INF] SEM5_PI_WEBAPI.Domain.Shared.RequestLogsMiddleware      - ──────│ ✔ COMPLETED GET /api/Vessel with 200 in 6.887 ms
