[22:05:48 INF] SEM5_PI_WEBAPI.Domain.Shared.RequestLogsMiddleware      - ┌───────────────────────────────────────────────
[22:05:48 INF] SEM5_PI_WEBAPI.Domain.Shared.RequestLogsMiddleware      - │ HTTP GET /api/storageareas
[22:05:48 INF] SEM5_PI_WEBAPI.Domain.Shared.RequestLogsMiddleware      - │ From IP: 127.0.0.1
[22:05:48 INF] SEM5_PI_WEBAPI.Domain.Shared.RequestLogsMiddleware      - └───────────────────────────────────────────────
[22:05:58 INF] SEM5_PI_WEBAPI.Domain.Shared.RequestLogsMiddleware      - ┌───────────────────────────────────────────────
[22:05:58 INF] SEM5_PI_WEBAPI.Domain.Shared.RequestLogsMiddleware      - │ HTTP GET /api/storageareas
[22:05:58 INF] SEM5_PI_WEBAPI.Domain.Shared.RequestLogsMiddleware      - │ From IP: 127.0.0.1
[22:05:58 INF] SEM5_PI_WEBAPI.Domain.Shared.RequestLogsMiddleware      - └───────────────────────────────────────────────
[22:16:14 INF] SEM5_PI_WEBAPI.Domain.Shared.RequestLogsMiddleware      - ┌───────────────────────────────────────────────
[22:16:14 INF] SEM5_PI_WEBAPI.Domain.Shared.RequestLogsMiddleware      - │ HTTP GET /api/storageareas
[22:16:14 INF] SEM5_PI_WEBAPI.Domain.Shared.RequestLogsMiddleware      - │ From IP: 127.0.0.1
[22:16:14 INF] SEM5_PI_WEBAPI.Domain.Shared.RequestLogsMiddleware      - └───────────────────────────────────────────────
[22:16:15 INF] SEM5_PI_WEBAPI.Domain.Shared.RequestLogsMiddleware      - ──────│ ✔ COMPLETED GET /api/storageareas with 404 in 841.85 ms
[22:21:29 INF] SEM5_PI_WEBAPI.Domain.Shared.RequestLogsMiddleware      - ┌───────────────────────────────────────────────
[22:21:29 INF] SEM5_PI_WEBAPI.Domain.Shared.RequestLogsMiddleware      - │ HTTP GET /api/Vessel
[22:21:29 INF] SEM5_PI_WEBAPI.Domain.Shared.RequestLogsMiddleware      - │ From IP: 127.0.0.1
[22:21:29 INF] SEM5_PI_WEBAPI.Domain.Shared.RequestLogsMiddleware      - └───────────────────────────────────────────────
[22:21:29 INF] SEM5_PI_WEBAPI.Controllers.VesselController             - API Request: Get All Vessels on DataBase
[22:21:29 INF] SEM5_PI_WEBAPI.Domain.Vessels.VesselService             - Business Domain: Request to fetch all Vessels.
[22:21:30 WRN] SEM5_PI_WEBAPI.Controllers.VesselController             - API Response (404): No Vessels found on DataBase
[22:21:30 INF] SEM5_PI_WEBAPI.Domain.Shared.RequestLogsMiddleware      - ──────│ ✔ COMPLETED GET /api/Vessel with 404 in 826.182 ms
