[15:19:33 INF]  - Starting web host
[15:19:33 INF] Microsoft.Hosting.Lifetime                                             - Now listening on: http://localhost:5008
[15:19:33 INF] Microsoft.Hosting.Lifetime                                             - Application started. Press Ctrl+C to shut down.
[15:19:33 INF] Microsoft.Hosting.Lifetime                                             - Hosting environment: Development
[15:19:33 INF] Microsoft.Hosting.Lifetime                                             - Content root path: /Users/jorgerodriguez/Desktop/Universidade/3_ano/1_Semestre/LEI-SEM5-PI-2025-26-3DJ-03/SEM5-PI-WEBAPI
[15:20:20 INF] Microsoft.AspNetCore.Hosting.Diagnostics                               - Request starting HTTP/1.1 GET http://localhost:5008/api/VesselType - null null
[15:20:20 WRN] Microsoft.AspNetCore.HttpsPolicy.HttpsRedirectionMiddleware            - Failed to determine the https port for redirect.
[15:20:20 INF] SEM5_PI_WEBAPI.Domain.Shared.RequestLogsMiddleware                     - ┌───────────────────────────────────────────────
[15:20:20 INF] SEM5_PI_WEBAPI.Domain.Shared.RequestLogsMiddleware                     - │ HTTP GET /api/VesselType
[15:20:20 INF] SEM5_PI_WEBAPI.Domain.Shared.RequestLogsMiddleware                     - │ From IP: 127.0.0.1
[15:20:20 INF] SEM5_PI_WEBAPI.Domain.Shared.RequestLogsMiddleware                     - └───────────────────────────────────────────────
[15:20:20 INF] Microsoft.AspNetCore.Routing.EndpointMiddleware                        - Executing endpoint 'SEM5_PI_WEBAPI.Controllers.VesselTypeController.GetAll (SEM5-PI-WEBAPI)'
[15:20:20 INF] Microsoft.AspNetCore.Mvc.Infrastructure.ControllerActionInvoker        - Route matched with {action = "GetAll", controller = "VesselType"}. Executing controller action with signature System.Threading.Tasks.Task`1[Microsoft.AspNetCore.Mvc.ActionResult`1[System.Collections.Generic.List`1[SEM5_PI_WEBAPI.Domain.VesselsTypes.VesselTypeDto]]] GetAll() on controller SEM5_PI_WEBAPI.Controllers.VesselTypeController (SEM5-PI-WEBAPI).
[15:20:20 INF] SEM5_PI_WEBAPI.Controllers.VesselTypeController                        - API Request: Get All Vessels Types on DataBase
[15:20:21 INF] Microsoft.EntityFrameworkCore.Database.Command                         - Executed DbCommand (8ms) [Parameters=[], CommandType='"Text"', CommandTimeout='30']
SELECT "v"."Id", "v"."Capacity", "v"."Description", "v"."MaxBays", "v"."MaxRows", "v"."MaxTiers", "v"."Name"
FROM "VesselType" AS "v"
[15:20:21 WRN] SEM5_PI_WEBAPI.Controllers.VesselTypeController                        - API Response (200): A total of 1 were found -> [{"Id":"c7798221-c758-47fd-a343-21d49b78c806","Name":"Panamax","Description":"Medium size vessel","MaxBays":20,"MaxRows":15,"MaxTiers":10,"Capacity":3000,"$type":"VesselTypeDto"}]
[15:20:21 INF] Microsoft.AspNetCore.Mvc.Infrastructure.ObjectResultExecutor           - Executing OkObjectResult, writing value of type 'System.Collections.Generic.List`1[[SEM5_PI_WEBAPI.Domain.VesselsTypes.VesselTypeDto, SEM5-PI-WEBAPI, Version=1.0.0.0, Culture=neutral, PublicKeyToken=null]]'.
[15:20:21 INF] Microsoft.AspNetCore.Mvc.Infrastructure.ControllerActionInvoker        - Executed action SEM5_PI_WEBAPI.Controllers.VesselTypeController.GetAll (SEM5-PI-WEBAPI) in 882.9725ms
[15:20:21 INF] Microsoft.AspNetCore.Routing.EndpointMiddleware                        - Executed endpoint 'SEM5_PI_WEBAPI.Controllers.VesselTypeController.GetAll (SEM5-PI-WEBAPI)'
[15:20:21 INF] SEM5_PI_WEBAPI.Domain.Shared.RequestLogsMiddleware                     - ──────│ ✔ COMPLETED GET /api/VesselType with 200 in 906.942 ms
[15:20:21 INF] Microsoft.AspNetCore.Hosting.Diagnostics                               - Request finished HTTP/1.1 GET http://localhost:5008/api/VesselType - 200 157 application/json; charset=utf-8 942.0321ms
[15:21:04 INF] Microsoft.Hosting.Lifetime                                             - Application is shutting down...
[16:25:57 INF]  - Starting web host
[16:25:57 INF] Microsoft.Hosting.Lifetime                                             - Now listening on: http://localhost:5008
[16:25:57 INF] Microsoft.Hosting.Lifetime                                             - Application started. Press Ctrl+C to shut down.
[16:25:57 INF] Microsoft.Hosting.Lifetime                                             - Hosting environment: Development
[16:25:57 INF] Microsoft.Hosting.Lifetime                                             - Content root path: /Users/jorgerodriguez/Desktop/Universidade/3_ano/1_Semestre/LEI-SEM5-PI-2025-26-3DJ-03/SEM5-PI-WEBAPI
[16:26:00 INF] Microsoft.AspNetCore.Hosting.Diagnostics                               - Request starting HTTP/1.1 GET http://localhost:5008/api/VesselType/Panamax - null null
[16:26:00 WRN] Microsoft.AspNetCore.HttpsPolicy.HttpsRedirectionMiddleware            - Failed to determine the https port for redirect.
[16:26:00 ERR] Microsoft.AspNetCore.Diagnostics.DeveloperExceptionPageMiddleware      - An unhandled exception has occurred while executing the request.
Microsoft.AspNetCore.Routing.Matching.AmbiguousMatchException: The request matched multiple endpoints. Matches: 

SEM5_PI_WEBAPI.Controllers.VesselTypeController.GetById (SEM5-PI-WEBAPI)
SEM5_PI_WEBAPI.Controllers.VesselTypeController.GetByName (SEM5-PI-WEBAPI)
   at Microsoft.AspNetCore.Routing.Matching.DefaultEndpointSelector.ReportAmbiguity(Span`1 candidateState)
   at Microsoft.AspNetCore.Routing.Matching.DefaultEndpointSelector.ProcessFinalCandidates(HttpContext httpContext, Span`1 candidateState)
   at Microsoft.AspNetCore.Routing.Matching.DefaultEndpointSelector.Select(HttpContext httpContext, Span`1 candidateState)
   at Microsoft.AspNetCore.Routing.Matching.DfaMatcher.MatchAsync(HttpContext httpContext)
   at Microsoft.AspNetCore.Routing.EndpointRoutingMiddleware.Invoke(HttpContext httpContext)
   at Microsoft.AspNetCore.HttpsPolicy.HttpsRedirectionMiddleware.Invoke(HttpContext context)
   at Microsoft.AspNetCore.Diagnostics.DeveloperExceptionPageMiddlewareImpl.Invoke(HttpContext context)
[16:26:00 INF] Microsoft.AspNetCore.Hosting.Diagnostics                               - Request finished HTTP/1.1 GET http://localhost:5008/api/VesselType/Panamax - 500 null text/plain; charset=utf-8 30.5114ms
[16:28:09 INF] Microsoft.AspNetCore.Hosting.Diagnostics                               - Request starting HTTP/1.1 GET http://localhost:5008/api/VesselType/id/e998a588-9930-4c37-be42-09ef91415763 - null null
[16:28:09 INF] SEM5_PI_WEBAPI.Domain.Shared.RequestLogsMiddleware                     - ┌───────────────────────────────────────────────
[16:28:09 INF] SEM5_PI_WEBAPI.Domain.Shared.RequestLogsMiddleware                     - │ HTTP GET /api/VesselType/id/e998a588-9930-4c37-be42-09ef91415763
[16:28:09 INF] SEM5_PI_WEBAPI.Domain.Shared.RequestLogsMiddleware                     - │ From IP: 127.0.0.1
[16:28:09 INF] SEM5_PI_WEBAPI.Domain.Shared.RequestLogsMiddleware                     - └───────────────────────────────────────────────
[16:28:09 INF] Microsoft.AspNetCore.Routing.EndpointMiddleware                        - Executing endpoint 'SEM5_PI_WEBAPI.Controllers.VesselTypeController.GetById (SEM5-PI-WEBAPI)'
[16:28:09 INF] Microsoft.AspNetCore.Mvc.Infrastructure.ControllerActionInvoker        - Route matched with {action = "GetById", controller = "VesselType"}. Executing controller action with signature System.Threading.Tasks.Task`1[Microsoft.AspNetCore.Mvc.ActionResult`1[SEM5_PI_WEBAPI.Domain.VesselsTypes.VesselTypeDto]] GetById(System.Guid) on controller SEM5_PI_WEBAPI.Controllers.VesselTypeController (SEM5-PI-WEBAPI).
[16:28:09 INF] Microsoft.AspNetCore.Mvc.Infrastructure.ControllerActionInvoker        - Executing action method SEM5_PI_WEBAPI.Controllers.VesselTypeController.GetById (SEM5-PI-WEBAPI) - Validation state: "Valid"
[16:28:09 INF] SEM5_PI_WEBAPI.Controllers.VesselTypeController                        - API Request: Fetching Vessel Type with ID = "e998a588-9930-4c37-be42-09ef91415763"
[16:28:09 INF] SEM5_PI_WEBAPI.Domain.VesselsTypes.VesselTypeService                   - Business Domain: Request to fetch Vessel Type with ID = e998a588-9930-4c37-be42-09ef91415763
[16:28:10 INF] Microsoft.EntityFrameworkCore.Database.Command                         - Executed DbCommand (13ms) [Parameters=[@__id_0='?' (Size = 36)], CommandType='"Text"', CommandTimeout='30']
SELECT "v"."Id", "v"."Capacity", "v"."Description", "v"."MaxBays", "v"."MaxRows", "v"."MaxTiers", "v"."Name"
FROM "VesselType" AS "v"
WHERE @__id_0 = "v"."Id"
LIMIT 1
[16:28:10 WRN] SEM5_PI_WEBAPI.Controllers.VesselTypeController                        - API Error (404): Vessel Type with ID = "e998a588-9930-4c37-be42-09ef91415763" -> NOT FOUND
[16:28:10 INF] Microsoft.AspNetCore.Mvc.Infrastructure.ControllerActionInvoker        - Executed action method SEM5_PI_WEBAPI.Controllers.VesselTypeController.GetById (SEM5-PI-WEBAPI), returned result Microsoft.AspNetCore.Mvc.NotFoundObjectResult in 1060.6311ms.
[16:28:10 INF] Microsoft.AspNetCore.Mvc.Infrastructure.ObjectResultExecutor           - Executing NotFoundObjectResult, writing value of type 'System.String'.
[16:28:10 INF] Microsoft.AspNetCore.Mvc.Infrastructure.ControllerActionInvoker        - Executed action SEM5_PI_WEBAPI.Controllers.VesselTypeController.GetById (SEM5-PI-WEBAPI) in 1230.9455ms
[16:28:10 INF] Microsoft.AspNetCore.Routing.EndpointMiddleware                        - Executed endpoint 'SEM5_PI_WEBAPI.Controllers.VesselTypeController.GetById (SEM5-PI-WEBAPI)'
[16:28:10 INF] SEM5_PI_WEBAPI.Domain.Shared.RequestLogsMiddleware                     - ──────│ ✔ COMPLETED GET /api/VesselType/id/e998a588-9930-4c37-be42-09ef91415763 with 404 in 1251.02 ms
[16:28:10 INF] Microsoft.AspNetCore.Hosting.Diagnostics                               - Request finished HTTP/1.1 GET http://localhost:5008/api/VesselType/id/e998a588-9930-4c37-be42-09ef91415763 - 404 69 application/json; charset=utf-8 1268.8285ms
[16:28:17 INF] Microsoft.AspNetCore.Hosting.Diagnostics                               - Request starting HTTP/1.1 GET http://localhost:5008/api/VesselType/name/Panamax - null null
[16:28:17 INF] SEM5_PI_WEBAPI.Domain.Shared.RequestLogsMiddleware                     - ┌───────────────────────────────────────────────
[16:28:17 INF] SEM5_PI_WEBAPI.Domain.Shared.RequestLogsMiddleware                     - │ HTTP GET /api/VesselType/name/Panamax
[16:28:17 INF] SEM5_PI_WEBAPI.Domain.Shared.RequestLogsMiddleware                     - │ From IP: 127.0.0.1
[16:28:17 INF] SEM5_PI_WEBAPI.Domain.Shared.RequestLogsMiddleware                     - └───────────────────────────────────────────────
[16:28:17 INF] Microsoft.AspNetCore.Routing.EndpointMiddleware                        - Executing endpoint 'SEM5_PI_WEBAPI.Controllers.VesselTypeController.GetByName (SEM5-PI-WEBAPI)'
[16:28:17 INF] Microsoft.AspNetCore.Mvc.Infrastructure.ControllerActionInvoker        - Route matched with {action = "GetByName", controller = "VesselType"}. Executing controller action with signature System.Threading.Tasks.Task`1[Microsoft.AspNetCore.Mvc.ActionResult`1[SEM5_PI_WEBAPI.Domain.VesselsTypes.VesselTypeDto]] GetByName(System.String) on controller SEM5_PI_WEBAPI.Controllers.VesselTypeController (SEM5-PI-WEBAPI).
[16:28:17 INF] Microsoft.AspNetCore.Mvc.Infrastructure.ControllerActionInvoker        - Executing action method SEM5_PI_WEBAPI.Controllers.VesselTypeController.GetByName (SEM5-PI-WEBAPI) - Validation state: "Valid"
[16:28:17 INF] SEM5_PI_WEBAPI.Controllers.VesselTypeController                        - API Request: Fetching Vessel Type with Name = Panamax
[16:28:17 INF] SEM5_PI_WEBAPI.Domain.VesselsTypes.VesselTypeService                   - Business Domain: Request to fetch Vessel Type with ID = Panamax
[16:28:17 INF] Microsoft.EntityFrameworkCore.Database.Command                         - Executed DbCommand (0ms) [Parameters=[@__Trim_0='?' (Size = 7)], CommandType='"Text"', CommandTimeout='30']
SELECT "v"."Id", "v"."Capacity", "v"."Description", "v"."MaxBays", "v"."MaxRows", "v"."MaxTiers", "v"."Name"
FROM "VesselType" AS "v"
WHERE trim(lower("v"."Name")) = @__Trim_0
LIMIT 1
[16:28:17 INF] SEM5_PI_WEBAPI.Domain.VesselsTypes.VesselTypeService                   - Business Domain: Vessel Type with Name = Panamax found successfully.
[16:28:17 WRN] SEM5_PI_WEBAPI.Controllers.VesselTypeController                        - API Response (200): Vessel Type with Name = Panamax -> FOUND
[16:28:17 INF] Microsoft.AspNetCore.Mvc.Infrastructure.ControllerActionInvoker        - Executed action method SEM5_PI_WEBAPI.Controllers.VesselTypeController.GetByName (SEM5-PI-WEBAPI), returned result Microsoft.AspNetCore.Mvc.OkObjectResult in 245.6471ms.
[16:28:17 INF] Microsoft.AspNetCore.Mvc.Infrastructure.ObjectResultExecutor           - Executing OkObjectResult, writing value of type 'SEM5_PI_WEBAPI.Domain.VesselsTypes.VesselTypeDto'.
[16:28:17 INF] Microsoft.AspNetCore.Mvc.Infrastructure.ControllerActionInvoker        - Executed action SEM5_PI_WEBAPI.Controllers.VesselTypeController.GetByName (SEM5-PI-WEBAPI) in 320.9015ms
[16:28:17 INF] Microsoft.AspNetCore.Routing.EndpointMiddleware                        - Executed endpoint 'SEM5_PI_WEBAPI.Controllers.VesselTypeController.GetByName (SEM5-PI-WEBAPI)'
[16:28:17 INF] SEM5_PI_WEBAPI.Domain.Shared.RequestLogsMiddleware                     - ──────│ ✔ COMPLETED GET /api/VesselType/name/Panamax with 200 in 327.653 ms
[16:28:17 INF] Microsoft.AspNetCore.Hosting.Diagnostics                               - Request finished HTTP/1.1 GET http://localhost:5008/api/VesselType/name/Panamax - 200 155 application/json; charset=utf-8 331.447ms
[16:29:08 INF] Microsoft.AspNetCore.Hosting.Diagnostics                               - Request starting HTTP/1.1 GET http://localhost:5008/api/VesselType/id/c7798221-c758-47fd-a343-21d49b78c806 - null null
[16:29:08 INF] SEM5_PI_WEBAPI.Domain.Shared.RequestLogsMiddleware                     - ┌───────────────────────────────────────────────
[16:29:08 INF] SEM5_PI_WEBAPI.Domain.Shared.RequestLogsMiddleware                     - │ HTTP GET /api/VesselType/id/c7798221-c758-47fd-a343-21d49b78c806
[16:29:08 INF] SEM5_PI_WEBAPI.Domain.Shared.RequestLogsMiddleware                     - │ From IP: 127.0.0.1
[16:29:08 INF] SEM5_PI_WEBAPI.Domain.Shared.RequestLogsMiddleware                     - └───────────────────────────────────────────────
[16:29:08 INF] Microsoft.AspNetCore.Routing.EndpointMiddleware                        - Executing endpoint 'SEM5_PI_WEBAPI.Controllers.VesselTypeController.GetById (SEM5-PI-WEBAPI)'
[16:29:08 INF] Microsoft.AspNetCore.Mvc.Infrastructure.ControllerActionInvoker        - Route matched with {action = "GetById", controller = "VesselType"}. Executing controller action with signature System.Threading.Tasks.Task`1[Microsoft.AspNetCore.Mvc.ActionResult`1[SEM5_PI_WEBAPI.Domain.VesselsTypes.VesselTypeDto]] GetById(System.Guid) on controller SEM5_PI_WEBAPI.Controllers.VesselTypeController (SEM5-PI-WEBAPI).
[16:29:08 INF] Microsoft.AspNetCore.Mvc.Infrastructure.ControllerActionInvoker        - Executing action method SEM5_PI_WEBAPI.Controllers.VesselTypeController.GetById (SEM5-PI-WEBAPI) - Validation state: "Valid"
[16:29:08 INF] SEM5_PI_WEBAPI.Controllers.VesselTypeController                        - API Request: Fetching Vessel Type with ID = "c7798221-c758-47fd-a343-21d49b78c806"
[16:29:08 INF] SEM5_PI_WEBAPI.Domain.VesselsTypes.VesselTypeService                   - Business Domain: Request to fetch Vessel Type with ID = c7798221-c758-47fd-a343-21d49b78c806
[16:29:08 INF] Microsoft.EntityFrameworkCore.Database.Command                         - Executed DbCommand (0ms) [Parameters=[@__id_0='?' (Size = 36)], CommandType='"Text"', CommandTimeout='30']
SELECT "v"."Id", "v"."Capacity", "v"."Description", "v"."MaxBays", "v"."MaxRows", "v"."MaxTiers", "v"."Name"
FROM "VesselType" AS "v"
WHERE @__id_0 = "v"."Id"
LIMIT 1
[16:29:08 INF] SEM5_PI_WEBAPI.Domain.VesselsTypes.VesselTypeService                   - Business Domain: Vessel Type with ID = c7798221-c758-47fd-a343-21d49b78c806 found successfully.
[16:29:08 WRN] SEM5_PI_WEBAPI.Controllers.VesselTypeController                        - API Response (200): Vessel Type with ID = "c7798221-c758-47fd-a343-21d49b78c806" -> FOUND
[16:29:08 INF] Microsoft.AspNetCore.Mvc.Infrastructure.ControllerActionInvoker        - Executed action method SEM5_PI_WEBAPI.Controllers.VesselTypeController.GetById (SEM5-PI-WEBAPI), returned result Microsoft.AspNetCore.Mvc.OkObjectResult in 54.8427ms.
[16:29:08 INF] Microsoft.AspNetCore.Mvc.Infrastructure.ObjectResultExecutor           - Executing OkObjectResult, writing value of type 'SEM5_PI_WEBAPI.Domain.VesselsTypes.VesselTypeDto'.
[16:29:08 INF] Microsoft.AspNetCore.Mvc.Infrastructure.ControllerActionInvoker        - Executed action SEM5_PI_WEBAPI.Controllers.VesselTypeController.GetById (SEM5-PI-WEBAPI) in 60.856ms
[16:29:08 INF] Microsoft.AspNetCore.Routing.EndpointMiddleware                        - Executed endpoint 'SEM5_PI_WEBAPI.Controllers.VesselTypeController.GetById (SEM5-PI-WEBAPI)'
[16:29:08 INF] SEM5_PI_WEBAPI.Domain.Shared.RequestLogsMiddleware                     - ──────│ ✔ COMPLETED GET /api/VesselType/id/c7798221-c758-47fd-a343-21d49b78c806 with 200 in 61.602 ms
[16:29:08 INF] Microsoft.AspNetCore.Hosting.Diagnostics                               - Request finished HTTP/1.1 GET http://localhost:5008/api/VesselType/id/c7798221-c758-47fd-a343-21d49b78c806 - 200 155 application/json; charset=utf-8 62.6749ms
[16:29:39 INF] Microsoft.Hosting.Lifetime                                             - Application is shutting down...
[17:04:23 INF]  - Starting web host
[17:04:24 INF] Microsoft.Hosting.Lifetime                                             - Now listening on: http://localhost:5008
[17:04:24 INF] Microsoft.Hosting.Lifetime                                             - Application started. Press Ctrl+C to shut down.
[17:04:24 INF] Microsoft.Hosting.Lifetime                                             - Hosting environment: Development
[17:04:24 INF] Microsoft.Hosting.Lifetime                                             - Content root path: /Users/jorgerodriguez/Desktop/Universidade/3_ano/1_Semestre/LEI-SEM5-PI-2025-26-3DJ-03/SEM5-PI-WEBAPI
[17:04:42 INF] Microsoft.AspNetCore.Hosting.Diagnostics                               - Request starting HTTP/1.1 GET http://localhost:5008/api/VesselType/name/Panamax - null null
[17:04:42 WRN] Microsoft.AspNetCore.HttpsPolicy.HttpsRedirectionMiddleware            - Failed to determine the https port for redirect.
[17:04:42 INF] SEM5_PI_WEBAPI.Domain.Shared.RequestLogsMiddleware                     - ┌───────────────────────────────────────────────
[17:04:42 INF] SEM5_PI_WEBAPI.Domain.Shared.RequestLogsMiddleware                     - │ HTTP GET /api/VesselType/name/Panamax
[17:04:42 INF] SEM5_PI_WEBAPI.Domain.Shared.RequestLogsMiddleware                     - │ From IP: 127.0.0.1
[17:04:42 INF] SEM5_PI_WEBAPI.Domain.Shared.RequestLogsMiddleware                     - └───────────────────────────────────────────────
[17:04:42 INF] Microsoft.AspNetCore.Routing.EndpointMiddleware                        - Executing endpoint 'SEM5_PI_WEBAPI.Controllers.VesselTypeController.GetByName (SEM5-PI-WEBAPI)'
[17:04:42 INF] Microsoft.AspNetCore.Mvc.Infrastructure.ControllerActionInvoker        - Route matched with {action = "GetByName", controller = "VesselType"}. Executing controller action with signature System.Threading.Tasks.Task`1[Microsoft.AspNetCore.Mvc.ActionResult`1[SEM5_PI_WEBAPI.Domain.VesselsTypes.VesselTypeDto]] GetByName(System.String) on controller SEM5_PI_WEBAPI.Controllers.VesselTypeController (SEM5-PI-WEBAPI).
[17:04:42 INF] Microsoft.AspNetCore.Mvc.Infrastructure.ControllerActionInvoker        - Executing action method SEM5_PI_WEBAPI.Controllers.VesselTypeController.GetByName (SEM5-PI-WEBAPI) - Validation state: "Valid"
[17:04:42 INF] SEM5_PI_WEBAPI.Controllers.VesselTypeController                        - API Request: Fetching Vessel Type with Name = Panamax
[17:04:42 INF] SEM5_PI_WEBAPI.Domain.VesselsTypes.VesselTypeService                   - Business Domain: Request to fetch Vessel Type with ID = Panamax
[17:04:44 INF] Microsoft.EntityFrameworkCore.Database.Command                         - Executed DbCommand (14ms) [Parameters=[@__Trim_0='?' (Size = 7)], CommandType='"Text"', CommandTimeout='30']
SELECT "v"."Id", "v"."Capacity", "v"."Description", "v"."MaxBays", "v"."MaxRows", "v"."MaxTiers", "v"."Name"
FROM "VesselType" AS "v"
WHERE trim(lower("v"."Name")) = @__Trim_0
LIMIT 1
[17:04:44 INF] SEM5_PI_WEBAPI.Domain.VesselsTypes.VesselTypeService                   - Business Domain: Vessel Type with Name = Panamax found successfully.
[17:04:44 WRN] SEM5_PI_WEBAPI.Controllers.VesselTypeController                        - API Response (200): Vessel Type with Name = Panamax -> FOUND
[17:04:44 INF] Microsoft.AspNetCore.Mvc.Infrastructure.ControllerActionInvoker        - Executed action method SEM5_PI_WEBAPI.Controllers.VesselTypeController.GetByName (SEM5-PI-WEBAPI), returned result Microsoft.AspNetCore.Mvc.OkObjectResult in 1235.0389ms.
[17:04:44 INF] Microsoft.AspNetCore.Mvc.Infrastructure.ObjectResultExecutor           - Executing OkObjectResult, writing value of type 'SEM5_PI_WEBAPI.Domain.VesselsTypes.VesselTypeDto'.
[17:04:44 INF] Microsoft.AspNetCore.Mvc.Infrastructure.ControllerActionInvoker        - Executed action SEM5_PI_WEBAPI.Controllers.VesselTypeController.GetByName (SEM5-PI-WEBAPI) in 1452.115ms
[17:04:44 INF] Microsoft.AspNetCore.Routing.EndpointMiddleware                        - Executed endpoint 'SEM5_PI_WEBAPI.Controllers.VesselTypeController.GetByName (SEM5-PI-WEBAPI)'
[17:04:44 INF] SEM5_PI_WEBAPI.Domain.Shared.RequestLogsMiddleware                     - ──────│ ✔ COMPLETED GET /api/VesselType/name/Panamax with 200 in 1474.644 ms
[17:04:44 INF] Microsoft.AspNetCore.Hosting.Diagnostics                               - Request finished HTTP/1.1 GET http://localhost:5008/api/VesselType/name/Panamax - 200 155 application/json; charset=utf-8 1507.5125ms
[17:04:48 INF] Microsoft.AspNetCore.Hosting.Diagnostics                               - Request starting HTTP/1.1 GET http://localhost:5008/api/VesselType/name/Panamaxx - null null
[17:04:48 INF] SEM5_PI_WEBAPI.Domain.Shared.RequestLogsMiddleware                     - ┌───────────────────────────────────────────────
[17:04:48 INF] SEM5_PI_WEBAPI.Domain.Shared.RequestLogsMiddleware                     - │ HTTP GET /api/VesselType/name/Panamaxx
[17:04:48 INF] SEM5_PI_WEBAPI.Domain.Shared.RequestLogsMiddleware                     - │ From IP: 127.0.0.1
[17:04:48 INF] SEM5_PI_WEBAPI.Domain.Shared.RequestLogsMiddleware                     - └───────────────────────────────────────────────
[17:04:48 INF] Microsoft.AspNetCore.Routing.EndpointMiddleware                        - Executing endpoint 'SEM5_PI_WEBAPI.Controllers.VesselTypeController.GetByName (SEM5-PI-WEBAPI)'
[17:04:48 INF] Microsoft.AspNetCore.Mvc.Infrastructure.ControllerActionInvoker        - Route matched with {action = "GetByName", controller = "VesselType"}. Executing controller action with signature System.Threading.Tasks.Task`1[Microsoft.AspNetCore.Mvc.ActionResult`1[SEM5_PI_WEBAPI.Domain.VesselsTypes.VesselTypeDto]] GetByName(System.String) on controller SEM5_PI_WEBAPI.Controllers.VesselTypeController (SEM5-PI-WEBAPI).
[17:04:48 INF] Microsoft.AspNetCore.Mvc.Infrastructure.ControllerActionInvoker        - Executing action method SEM5_PI_WEBAPI.Controllers.VesselTypeController.GetByName (SEM5-PI-WEBAPI) - Validation state: "Valid"
[17:04:48 INF] SEM5_PI_WEBAPI.Controllers.VesselTypeController                        - API Request: Fetching Vessel Type with Name = Panamaxx
[17:04:48 INF] SEM5_PI_WEBAPI.Domain.VesselsTypes.VesselTypeService                   - Business Domain: Request to fetch Vessel Type with ID = Panamaxx
[17:04:48 INF] Microsoft.EntityFrameworkCore.Database.Command                         - Executed DbCommand (0ms) [Parameters=[@__Trim_0='?' (Size = 8)], CommandType='"Text"', CommandTimeout='30']
SELECT "v"."Id", "v"."Capacity", "v"."Description", "v"."MaxBays", "v"."MaxRows", "v"."MaxTiers", "v"."Name"
FROM "VesselType" AS "v"
WHERE trim(lower("v"."Name")) = @__Trim_0
LIMIT 1
[17:04:48 WRN] SEM5_PI_WEBAPI.Controllers.VesselTypeController                        - API Error (404): Vessel Type with Name = Panamaxx -> NOT FOUND
[17:04:48 INF] Microsoft.AspNetCore.Mvc.Infrastructure.ControllerActionInvoker        - Executed action method SEM5_PI_WEBAPI.Controllers.VesselTypeController.GetByName (SEM5-PI-WEBAPI), returned result Microsoft.AspNetCore.Mvc.NotFoundObjectResult in 17.0511ms.
[17:04:48 INF] Microsoft.AspNetCore.Mvc.Infrastructure.ObjectResultExecutor           - Executing NotFoundObjectResult, writing value of type 'System.String'.
[17:04:48 INF] Microsoft.AspNetCore.Mvc.Infrastructure.ControllerActionInvoker        - Executed action SEM5_PI_WEBAPI.Controllers.VesselTypeController.GetByName (SEM5-PI-WEBAPI) in 19.8339ms
[17:04:48 INF] Microsoft.AspNetCore.Routing.EndpointMiddleware                        - Executed endpoint 'SEM5_PI_WEBAPI.Controllers.VesselTypeController.GetByName (SEM5-PI-WEBAPI)'
[17:04:48 INF] SEM5_PI_WEBAPI.Domain.Shared.RequestLogsMiddleware                     - ──────│ ✔ COMPLETED GET /api/VesselType/name/Panamaxx with 404 in 20.57 ms
[17:04:48 INF] Microsoft.AspNetCore.Hosting.Diagnostics                               - Request finished HTTP/1.1 GET http://localhost:5008/api/VesselType/name/Panamaxx - 404 43 application/json; charset=utf-8 23.9437ms
[17:04:56 INF] Microsoft.AspNetCore.Hosting.Diagnostics                               - Request starting HTTP/1.1 GET http://localhost:5008/api/VesselType/name/ - null null
[17:04:56 INF] SEM5_PI_WEBAPI.Domain.Shared.RequestLogsMiddleware                     - ┌───────────────────────────────────────────────
[17:04:56 INF] SEM5_PI_WEBAPI.Domain.Shared.RequestLogsMiddleware                     - │ HTTP GET /api/VesselType/name/
[17:04:56 INF] SEM5_PI_WEBAPI.Domain.Shared.RequestLogsMiddleware                     - │ From IP: 127.0.0.1
[17:04:56 INF] SEM5_PI_WEBAPI.Domain.Shared.RequestLogsMiddleware                     - └───────────────────────────────────────────────
[17:04:56 INF] SEM5_PI_WEBAPI.Domain.Shared.RequestLogsMiddleware                     - ──────│ ✔ COMPLETED GET /api/VesselType/name/ with 404 in 0.092 ms
[17:04:56 INF] Microsoft.AspNetCore.Hosting.Diagnostics                               - Request finished HTTP/1.1 GET http://localhost:5008/api/VesselType/name/ - 404 0 null 1.6262ms
[17:04:56 INF] Microsoft.AspNetCore.Hosting.Diagnostics                               - Request reached the end of the middleware pipeline without being handled by application code. Request path: GET http://localhost:5008/api/VesselType/name/, Response status code: 404
[17:05:26 INF] Microsoft.AspNetCore.Hosting.Diagnostics                               - Request starting HTTP/1.1 GET http://localhost:5008/api/VesselType/name/Panamax - null null
[17:05:26 INF] SEM5_PI_WEBAPI.Domain.Shared.RequestLogsMiddleware                     - ┌───────────────────────────────────────────────
[17:05:26 INF] SEM5_PI_WEBAPI.Domain.Shared.RequestLogsMiddleware                     - │ HTTP GET /api/VesselType/name/Panamax
[17:05:26 INF] SEM5_PI_WEBAPI.Domain.Shared.RequestLogsMiddleware                     - │ From IP: 127.0.0.1
[17:05:26 INF] SEM5_PI_WEBAPI.Domain.Shared.RequestLogsMiddleware                     - └───────────────────────────────────────────────
[17:05:26 INF] Microsoft.AspNetCore.Routing.EndpointMiddleware                        - Executing endpoint 'SEM5_PI_WEBAPI.Controllers.VesselTypeController.GetByName (SEM5-PI-WEBAPI)'
[17:05:26 INF] Microsoft.AspNetCore.Mvc.Infrastructure.ControllerActionInvoker        - Route matched with {action = "GetByName", controller = "VesselType"}. Executing controller action with signature System.Threading.Tasks.Task`1[Microsoft.AspNetCore.Mvc.ActionResult`1[SEM5_PI_WEBAPI.Domain.VesselsTypes.VesselTypeDto]] GetByName(System.String) on controller SEM5_PI_WEBAPI.Controllers.VesselTypeController (SEM5-PI-WEBAPI).
[17:05:26 INF] Microsoft.AspNetCore.Mvc.Infrastructure.ControllerActionInvoker        - Executing action method SEM5_PI_WEBAPI.Controllers.VesselTypeController.GetByName (SEM5-PI-WEBAPI) - Validation state: "Valid"
[17:05:26 INF] SEM5_PI_WEBAPI.Controllers.VesselTypeController                        - API Request: Fetching Vessel Type with Name = Panamax
[17:05:26 INF] SEM5_PI_WEBAPI.Domain.VesselsTypes.VesselTypeService                   - Business Domain: Request to fetch Vessel Type with ID = Panamax
[17:05:26 INF] Microsoft.EntityFrameworkCore.Database.Command                         - Executed DbCommand (0ms) [Parameters=[@__Trim_0='?' (Size = 7)], CommandType='"Text"', CommandTimeout='30']
SELECT "v"."Id", "v"."Capacity", "v"."Description", "v"."MaxBays", "v"."MaxRows", "v"."MaxTiers", "v"."Name"
FROM "VesselType" AS "v"
WHERE trim(lower("v"."Name")) = @__Trim_0
LIMIT 1
[17:05:26 INF] SEM5_PI_WEBAPI.Domain.VesselsTypes.VesselTypeService                   - Business Domain: Vessel Type with Name = Panamax found successfully.
[17:05:26 WRN] SEM5_PI_WEBAPI.Controllers.VesselTypeController                        - API Response (200): Vessel Type with Name = Panamax -> FOUND
[17:05:26 INF] Microsoft.AspNetCore.Mvc.Infrastructure.ControllerActionInvoker        - Executed action method SEM5_PI_WEBAPI.Controllers.VesselTypeController.GetByName (SEM5-PI-WEBAPI), returned result Microsoft.AspNetCore.Mvc.OkObjectResult in 40.0405ms.
[17:05:26 INF] Microsoft.AspNetCore.Mvc.Infrastructure.ObjectResultExecutor           - Executing OkObjectResult, writing value of type 'SEM5_PI_WEBAPI.Domain.VesselsTypes.VesselTypeDto'.
[17:05:26 INF] Microsoft.AspNetCore.Mvc.Infrastructure.ControllerActionInvoker        - Executed action SEM5_PI_WEBAPI.Controllers.VesselTypeController.GetByName (SEM5-PI-WEBAPI) in 43.8272ms
[17:05:26 INF] Microsoft.AspNetCore.Routing.EndpointMiddleware                        - Executed endpoint 'SEM5_PI_WEBAPI.Controllers.VesselTypeController.GetByName (SEM5-PI-WEBAPI)'
[17:05:26 INF] SEM5_PI_WEBAPI.Domain.Shared.RequestLogsMiddleware                     - ──────│ ✔ COMPLETED GET /api/VesselType/name/Panamax with 200 in 44.289 ms
[17:05:26 INF] Microsoft.AspNetCore.Hosting.Diagnostics                               - Request finished HTTP/1.1 GET http://localhost:5008/api/VesselType/name/Panamax - 200 155 application/json; charset=utf-8 45.2487ms
[17:05:37 INF] Microsoft.AspNetCore.Hosting.Diagnostics                               - Request starting HTTP/1.1 GET http://localhost:5008/api/VesselType/description/Medium size vessel - null null
[17:05:37 INF] SEM5_PI_WEBAPI.Domain.Shared.RequestLogsMiddleware                     - ┌───────────────────────────────────────────────
[17:05:37 INF] SEM5_PI_WEBAPI.Domain.Shared.RequestLogsMiddleware                     - │ HTTP GET /api/VesselType/description/Medium%20size%20vessel
[17:05:37 INF] SEM5_PI_WEBAPI.Domain.Shared.RequestLogsMiddleware                     - │ From IP: 127.0.0.1
[17:05:37 INF] SEM5_PI_WEBAPI.Domain.Shared.RequestLogsMiddleware                     - └───────────────────────────────────────────────
[17:05:37 INF] Microsoft.AspNetCore.Routing.EndpointMiddleware                        - Executing endpoint 'SEM5_PI_WEBAPI.Controllers.VesselTypeController.GetByDescription (SEM5-PI-WEBAPI)'
[17:05:37 INF] Microsoft.AspNetCore.Mvc.Infrastructure.ControllerActionInvoker        - Route matched with {action = "GetByDescription", controller = "VesselType"}. Executing controller action with signature System.Threading.Tasks.Task`1[Microsoft.AspNetCore.Mvc.ActionResult`1[System.Collections.Generic.List`1[SEM5_PI_WEBAPI.Domain.VesselsTypes.VesselTypeDto]]] GetByDescription(System.String) on controller SEM5_PI_WEBAPI.Controllers.VesselTypeController (SEM5-PI-WEBAPI).
[17:05:37 INF] Microsoft.AspNetCore.Mvc.Infrastructure.ControllerActionInvoker        - Executing action method SEM5_PI_WEBAPI.Controllers.VesselTypeController.GetByDescription (SEM5-PI-WEBAPI) - Validation state: "Valid"
[17:05:37 INF] SEM5_PI_WEBAPI.Controllers.VesselTypeController                        - API Request: Fetching Vessel Type with Description = Medium size vessel
[17:05:37 INF] SEM5_PI_WEBAPI.Domain.VesselsTypes.VesselTypeService                   - Business Domain: Request to fetch Vessel Type with Description = Medium size vessel
[17:05:37 INF] Microsoft.EntityFrameworkCore.Database.Command                         - Executed DbCommand (0ms) [Parameters=[@__Trim_0='?' (Size = 18)], CommandType='"Text"', CommandTimeout='30']
SELECT "v"."Id", "v"."Capacity", "v"."Description", "v"."MaxBays", "v"."MaxRows", "v"."MaxTiers", "v"."Name"
FROM "VesselType" AS "v"
WHERE trim(lower("v"."Description")) = @__Trim_0
[17:05:37 INF] SEM5_PI_WEBAPI.Domain.VesselsTypes.VesselTypeService                   - Business Domain: Where found [1] Vessels Types with Description = Medium size vessel found successfully.
[17:05:37 WRN] SEM5_PI_WEBAPI.Controllers.VesselTypeController                        - API Response (200): Vessel/s Type/s with requested Description where found: [{"Id":"c7798221-c758-47fd-a343-21d49b78c806","Name":"Panamax","Description":"Medium size vessel","MaxBays":20,"MaxRows":15,"MaxTiers":10,"Capacity":3000,"$type":"VesselTypeDto"}]
[17:05:37 INF] Microsoft.AspNetCore.Mvc.Infrastructure.ControllerActionInvoker        - Executed action method SEM5_PI_WEBAPI.Controllers.VesselTypeController.GetByDescription (SEM5-PI-WEBAPI), returned result Microsoft.AspNetCore.Mvc.OkObjectResult in 18.1463ms.
[17:05:37 INF] Microsoft.AspNetCore.Mvc.Infrastructure.ObjectResultExecutor           - Executing OkObjectResult, writing value of type 'System.Collections.Generic.List`1[[SEM5_PI_WEBAPI.Domain.VesselsTypes.VesselTypeDto, SEM5-PI-WEBAPI, Version=1.0.0.0, Culture=neutral, PublicKeyToken=null]]'.
[17:05:37 INF] Microsoft.AspNetCore.Mvc.Infrastructure.ControllerActionInvoker        - Executed action SEM5_PI_WEBAPI.Controllers.VesselTypeController.GetByDescription (SEM5-PI-WEBAPI) in 24.6737ms
[17:05:37 INF] Microsoft.AspNetCore.Routing.EndpointMiddleware                        - Executed endpoint 'SEM5_PI_WEBAPI.Controllers.VesselTypeController.GetByDescription (SEM5-PI-WEBAPI)'
[17:05:37 INF] SEM5_PI_WEBAPI.Domain.Shared.RequestLogsMiddleware                     - ──────│ ✔ COMPLETED GET /api/VesselType/description/Medium%20size%20vessel with 200 in 28.74 ms
[17:05:37 INF] Microsoft.AspNetCore.Hosting.Diagnostics                               - Request finished HTTP/1.1 GET http://localhost:5008/api/VesselType/description/Medium size vessel - 200 157 application/json; charset=utf-8 29.544ms
[17:05:49 INF] Microsoft.AspNetCore.Hosting.Diagnostics                               - Request starting HTTP/1.1 GET http://localhost:5008/api/VesselType/description/Medium size vessele - null null
[17:05:49 INF] SEM5_PI_WEBAPI.Domain.Shared.RequestLogsMiddleware                     - ┌───────────────────────────────────────────────
[17:05:49 INF] SEM5_PI_WEBAPI.Domain.Shared.RequestLogsMiddleware                     - │ HTTP GET /api/VesselType/description/Medium%20size%20vessele
[17:05:49 INF] SEM5_PI_WEBAPI.Domain.Shared.RequestLogsMiddleware                     - │ From IP: 127.0.0.1
[17:05:49 INF] SEM5_PI_WEBAPI.Domain.Shared.RequestLogsMiddleware                     - └───────────────────────────────────────────────
[17:05:49 INF] Microsoft.AspNetCore.Routing.EndpointMiddleware                        - Executing endpoint 'SEM5_PI_WEBAPI.Controllers.VesselTypeController.GetByDescription (SEM5-PI-WEBAPI)'
[17:05:49 INF] Microsoft.AspNetCore.Mvc.Infrastructure.ControllerActionInvoker        - Route matched with {action = "GetByDescription", controller = "VesselType"}. Executing controller action with signature System.Threading.Tasks.Task`1[Microsoft.AspNetCore.Mvc.ActionResult`1[System.Collections.Generic.List`1[SEM5_PI_WEBAPI.Domain.VesselsTypes.VesselTypeDto]]] GetByDescription(System.String) on controller SEM5_PI_WEBAPI.Controllers.VesselTypeController (SEM5-PI-WEBAPI).
[17:05:49 INF] Microsoft.AspNetCore.Mvc.Infrastructure.ControllerActionInvoker        - Executing action method SEM5_PI_WEBAPI.Controllers.VesselTypeController.GetByDescription (SEM5-PI-WEBAPI) - Validation state: "Valid"
[17:05:49 INF] SEM5_PI_WEBAPI.Controllers.VesselTypeController                        - API Request: Fetching Vessel Type with Description = Medium size vessele
[17:05:49 INF] SEM5_PI_WEBAPI.Domain.VesselsTypes.VesselTypeService                   - Business Domain: Request to fetch Vessel Type with Description = Medium size vessele
[17:05:49 INF] Microsoft.EntityFrameworkCore.Database.Command                         - Executed DbCommand (0ms) [Parameters=[@__Trim_0='?' (Size = 19)], CommandType='"Text"', CommandTimeout='30']
SELECT "v"."Id", "v"."Capacity", "v"."Description", "v"."MaxBays", "v"."MaxRows", "v"."MaxTiers", "v"."Name"
FROM "VesselType" AS "v"
WHERE trim(lower("v"."Description")) = @__Trim_0
[17:05:49 WRN] SEM5_PI_WEBAPI.Controllers.VesselTypeController                        - API Error (404): Vessel Type with Description = Medium size vessele -> NOT FOUND
[17:05:49 INF] Microsoft.AspNetCore.Mvc.Infrastructure.ControllerActionInvoker        - Executed action method SEM5_PI_WEBAPI.Controllers.VesselTypeController.GetByDescription (SEM5-PI-WEBAPI), returned result Microsoft.AspNetCore.Mvc.NotFoundObjectResult in 1.7525ms.
[17:05:49 INF] Microsoft.AspNetCore.Mvc.Infrastructure.ObjectResultExecutor           - Executing NotFoundObjectResult, writing value of type 'System.String'.
[17:05:49 INF] Microsoft.AspNetCore.Mvc.Infrastructure.ControllerActionInvoker        - Executed action SEM5_PI_WEBAPI.Controllers.VesselTypeController.GetByDescription (SEM5-PI-WEBAPI) in 2.8125ms
[17:05:49 INF] Microsoft.AspNetCore.Routing.EndpointMiddleware                        - Executed endpoint 'SEM5_PI_WEBAPI.Controllers.VesselTypeController.GetByDescription (SEM5-PI-WEBAPI)'
[17:05:49 INF] SEM5_PI_WEBAPI.Domain.Shared.RequestLogsMiddleware                     - ──────│ ✔ COMPLETED GET /api/VesselType/description/Medium%20size%20vessele with 404 in 3.337 ms
[17:05:49 INF] Microsoft.AspNetCore.Hosting.Diagnostics                               - Request finished HTTP/1.1 GET http://localhost:5008/api/VesselType/description/Medium size vessele - 404 61 application/json; charset=utf-8 3.8062ms
[17:05:59 INF] Microsoft.Hosting.Lifetime                                             - Application is shutting down...
